<?xml version="1.0" encoding="UTF-8"?>
<testsuite xmlns:xsi="http://www.w3.org/2001/XMLSchema-instance" xsi:noNamespaceSchemaLocation="https://maven.apache.org/surefire/maven-surefire-plugin/xsd/surefire-test-report.xsd" version="3.0.2" name="com.bcp.sipap.routes.MediadorRouteTest" time="1.567" tests="3" errors="0" skipped="0" failures="0">
  <properties>
[...]
</properties>
  <testcase name="transferenciaValidaHaciaItauSeProcesa" classname="com.bcp.sipap.routes.MediadorRouteTest" time="1.312">
    <system-err><![CDATA[18:27:30.541 [INFO] ********************************************************************************
18:27:30.543 [INFO] Testing: transferenciaValidaHaciaItauSeProcesa() (com.bcp.sipap.routes.MediadorRouteTest)
18:27:30.543 [INFO] ********************************************************************************
18:27:31.198 [INFO] Skipping starting CamelContext as isUseAdviceWith is set to true.
18:27:31.263 [INFO] AdviceWith (*) : [Log[[RESULTADO] ${body}]] --> after [To[mock:resultado]]
18:27:31.264 [INFO] AdviceWith route after: Route(resultado-final)[From[direct:resultado] -> [OnException[[java.lang.Exception] -> [SetHeader[motivoRechazo, simple{Error inesperado en el mediador: ${exception.message}}], To[direct:dead-letter]]], Marshal[org.apache.camel.model.dataformat.JsonDataFormat@4b45dcb8], Log[[RESULTADO] ${body}], To[mock:resultado]]]
18:27:31.269 [INFO] Adviced route before/after as XML:
<route xmlns="http://camel.apache.org/schema/spring" id="resultado-final">
    <from uri="direct:resultado"/>
    <onException>
        <exception>java.lang.Exception</exception>
        <setHeader name="motivoRechazo">
            <simple>Error inesperado en el mediador: ${exception.message}</simple>
        </setHeader>
        <to uri="direct:dead-letter"/>
    </onException>
    <marshal>
        <json library="Jackson"/>
    </marshal>
    <log message="[RESULTADO] ${body}"/>
</route>

<route xmlns="http://camel.apache.org/schema/spring" id="resultado-final">
    <from uri="direct:resultado"/>
    <onException>
        <exception>java.lang.Exception</exception>
        <setHeader name="motivoRechazo">
            <simple>Error inesperado en el mediador: ${exception.message}</simple>
        </setHeader>
        <to uri="direct:dead-letter"/>
    </onException>
    <marshal>
        <json library="Jackson"/>
    </marshal>
    <log message="[RESULTADO] ${body}"/>
    <to uri="mock:resultado"/>
</route>
18:27:31.498 [INFO] Apache Camel 4.4.0 (camel-1) is starting
18:27:31.691 [INFO] Routes startup (started:12)
18:27:31.691 [INFO]     Started resultado-final (direct://resultado)
18:27:31.691 [INFO]     Started mediador-recepcion (direct://sipap-in)
18:27:31.691 [INFO]     Started auditoria-wiretap (direct://audit)
18:27:31.691 [INFO]     Started mediador-parseo (direct://parseo)
18:27:31.691 [INFO]     Started dead-letter-channel (direct://dead-letter)
18:27:31.691 [INFO]     Started mediador-validacion (direct://validacion)
18:27:31.691 [INFO]     Started rechazo-negocio (direct://rechazo)
18:27:31.691 [INFO]     Started mediador-transformacion (direct://transformacion)
18:27:31.691 [INFO]     Started mediador-enrutamiento (direct://enrutamiento)
18:27:31.691 [INFO]     Started consumidor-itau (direct://itau)
18:27:31.691 [INFO]     Started consumidor-atlas (direct://atlas)
18:27:31.691 [INFO]     Started consumidor-familiar (direct://familiar)
18:27:31.691 [INFO] Apache Camel 4.4.0 (camel-1) started in 193ms (build:0ms init:0ms start:193ms)
18:27:31.708 [INFO] [MEDIADOR] Recibido TX=TX-TEST-ITAU de 
18:27:31.712 [INFO] [AUDITORIA] TX=TX-TEST-ITAU QR-crudo=00020101021132400014py.gov.bcp.sip01040015021012345678905204573153036005802PY5918COMERCIO DE PRUEBA6008ASUNCION6304A1B2
18:27:31.728 [INFO] [TRANSFORMADO] TX=TX-TEST-ITAU -> Transferencia{idTransaccion='TX-TEST-ITAU', payloadFormatIndicator='01', pointOfInitiationMethod='11', merchantAccountInformation=MerchantAccountInformation{globallyUniqueIdentifier='py.gov.bcp.sip', codigoEntidad='0015', numeroCuenta='1234567890'}, merchantCategoryCode='5731', transactionCurrency='600', transactionAmount=null, countryCode='PY', merchantName='COMERCIO DE PRUEBA', merchantCity='ASUNCION', crc='A1B2'}
18:27:31.744 [INFO] [ITAU] Transferencia recibida: Transferencia{idTransaccion='TX-TEST-ITAU', payloadFormatIndicator='01', pointOfInitiationMethod='11', merchantAccountInformation=MerchantAccountInformation{globallyUniqueIdentifier='py.gov.bcp.sip', codigoEntidad='0015', numeroCuenta='1234567890'}, merchantCategoryCode='5731', transactionCurrency='600', transactionAmount=null, countryCode='PY', merchantName='COMERCIO DE PRUEBA', merchantCity='ASUNCION', crc='A1B2'}
18:27:31.809 [INFO] [RESULTADO] {"id_transaccion":"TX-TEST-ITAU","estado":"PROCESADA","mensaje":"Transferencia procesada exitosamente en Banco Itaú Paraguay (cuenta 1234567890)"}
18:27:31.815 [INFO] Asserting: mock://resultado is satisfied
18:27:31.817 [INFO] ********************************************************************************
18:27:31.817 [INFO] Testing done: transferenciaValidaHaciaItauSeProcesa() (com.bcp.sipap.routes.MediadorRouteTest)
18:27:31.817 [INFO] Took: 618ms (618 millis)
18:27:31.817 [INFO] ********************************************************************************
18:27:31.823 [INFO] Apache Camel 4.4.0 (camel-1) is shutting down (timeout:10s)
18:27:31.846 [INFO] Routes stopped (stopped:12)
18:27:31.846 [INFO]     Stopped consumidor-familiar (direct://familiar)
18:27:31.847 [INFO]     Stopped consumidor-atlas (direct://atlas)
18:27:31.847 [INFO]     Stopped consumidor-itau (direct://itau)
18:27:31.847 [INFO]     Stopped mediador-enrutamiento (direct://enrutamiento)
18:27:31.847 [INFO]     Stopped mediador-transformacion (direct://transformacion)
18:27:31.847 [INFO]     Stopped rechazo-negocio (direct://rechazo)
18:27:31.847 [INFO]     Stopped mediador-validacion (direct://validacion)
18:27:31.847 [INFO]     Stopped dead-letter-channel (direct://dead-letter)
18:27:31.847 [INFO]     Stopped mediador-parseo (direct://parseo)
18:27:31.848 [INFO]     Stopped auditoria-wiretap (direct://audit)
18:27:31.848 [INFO]     Stopped mediador-recepcion (direct://sipap-in)
18:27:31.848 [INFO]     Stopped resultado-final (direct://resultado)
18:27:31.850 [INFO] Apache Camel 4.4.0 (camel-1) shutdown in 26ms (uptime:0s)
]]></system-err>
  </testcase>
  <testcase name="transferenciaHaciaBancoDesconocidoEsRechazada" classname="com.bcp.sipap.routes.MediadorRouteTest" time="0.111">
    <system-err><![CDATA[18:27:31.855 [INFO] ********************************************************************************
18:27:31.855 [INFO] Testing: transferenciaHaciaBancoDesconocidoEsRechazada() (com.bcp.sipap.routes.MediadorRouteTest)
18:27:31.855 [INFO] ********************************************************************************
18:27:31.877 [INFO] Skipping starting CamelContext as isUseAdviceWith is set to true.
18:27:31.881 [INFO] AdviceWith (*) : [Log[[RESULTADO] ${body}]] --> after [To[mock:resultado]]
18:27:31.882 [INFO] AdviceWith route after: Route(resultado-final)[From[direct:resultado] -> [OnException[[java.lang.Exception] -> [SetHeader[motivoRechazo, simple{Error inesperado en el mediador: ${exception.message}}], To[direct:dead-letter]]], Marshal[org.apache.camel.model.dataformat.JsonDataFormat@6ac97b84], Log[[RESULTADO] ${body}], To[mock:resultado]]]
18:27:31.884 [INFO] Adviced route before/after as XML:
<route xmlns="http://camel.apache.org/schema/spring" id="resultado-final">
    <from uri="direct:resultado"/>
    <onException>
        <exception>java.lang.Exception</exception>
        <setHeader name="motivoRechazo">
            <simple>Error inesperado en el mediador: ${exception.message}</simple>
        </setHeader>
        <to uri="direct:dead-letter"/>
    </onException>
    <marshal>
        <json library="Jackson"/>
    </marshal>
    <log message="[RESULTADO] ${body}"/>
</route>

<route xmlns="http://camel.apache.org/schema/spring" id="resultado-final">
    <from uri="direct:resultado"/>
    <onException>
        <exception>java.lang.Exception</exception>
        <setHeader name="motivoRechazo">
            <simple>Error inesperado en el mediador: ${exception.message}</simple>
        </setHeader>
        <to uri="direct:dead-letter"/>
    </onException>
    <marshal>
        <json library="Jackson"/>
    </marshal>
    <log message="[RESULTADO] ${body}"/>
    <to uri="mock:resultado"/>
</route>
18:27:31.944 [INFO] Apache Camel 4.4.0 (camel-2) is starting
18:27:31.951 [INFO] Routes startup (started:12)
18:27:31.951 [INFO]     Started resultado-final (direct://resultado)
18:27:31.951 [INFO]     Started mediador-recepcion (direct://sipap-in)
18:27:31.951 [INFO]     Started auditoria-wiretap (direct://audit)
18:27:31.951 [INFO]     Started mediador-parseo (direct://parseo)
18:27:31.951 [INFO]     Started dead-letter-channel (direct://dead-letter)
18:27:31.951 [INFO]     Started mediador-validacion (direct://validacion)
18:27:31.951 [INFO]     Started rechazo-negocio (direct://rechazo)
18:27:31.951 [INFO]     Started mediador-transformacion (direct://transformacion)
18:27:31.951 [INFO]     Started mediador-enrutamiento (direct://enrutamiento)
18:27:31.951 [INFO]     Started consumidor-itau (direct://itau)
18:27:31.951 [INFO]     Started consumidor-atlas (direct://atlas)
18:27:31.951 [INFO]     Started consumidor-familiar (direct://familiar)
18:27:31.951 [INFO] Apache Camel 4.4.0 (camel-2) started in 7ms (build:0ms init:0ms start:7ms)
18:27:31.953 [INFO] [MEDIADOR] Recibido TX=TX-TEST-DESCONOCIDO de 
18:27:31.954 [INFO] [AUDITORIA] TX=TX-TEST-DESCONOCIDO QR-crudo=00020101021132400014py.gov.bcp.sip01049999021012345678905204573153036005802PY5918COMERCIO DE PRUEBA6008ASUNCION6304A1B2
18:27:31.954 [INFO] [RECHAZO] TX=TX-TEST-DESCONOCIDO motivo=Código de entidad no reconocido: '9999'
18:27:31.956 [INFO] [RESULTADO] {"id_transaccion":"TX-TEST-DESCONOCIDO","estado":"RECHAZADA","mensaje":"Código de entidad no reconocido: '9999'"}
18:27:31.956 [INFO] Asserting: mock://resultado is satisfied
18:27:31.957 [INFO] ********************************************************************************
18:27:31.957 [INFO] Testing done: transferenciaHaciaBancoDesconocidoEsRechazada() (com.bcp.sipap.routes.MediadorRouteTest)
18:27:31.957 [INFO] Took: 79ms (79 millis)
18:27:31.957 [INFO] ********************************************************************************
18:27:31.957 [INFO] Apache Camel 4.4.0 (camel-2) is shutting down (timeout:10s)
18:27:31.963 [INFO] Routes stopped (stopped:12)
18:27:31.963 [INFO]     Stopped consumidor-familiar (direct://familiar)
18:27:31.963 [INFO]     Stopped consumidor-atlas (direct://atlas)
18:27:31.963 [INFO]     Stopped consumidor-itau (direct://itau)
18:27:31.963 [INFO]     Stopped mediador-enrutamiento (direct://enrutamiento)
18:27:31.963 [INFO]     Stopped mediador-transformacion (direct://transformacion)
18:27:31.963 [INFO]     Stopped rechazo-negocio (direct://rechazo)
18:27:31.963 [INFO]     Stopped mediador-validacion (direct://validacion)
18:27:31.964 [INFO]     Stopped dead-letter-channel (direct://dead-letter)
18:27:31.964 [INFO]     Stopped mediador-parseo (direct://parseo)
18:27:31.964 [INFO]     Stopped auditoria-wiretap (direct://audit)
18:27:31.964 [INFO]     Stopped mediador-recepcion (direct://sipap-in)
18:27:31.964 [INFO]     Stopped resultado-final (direct://resultado)
18:27:31.964 [INFO] Apache Camel 4.4.0 (camel-2) shutdown in 6ms (uptime:0s)
]]></system-err>
  </testcase>
  <testcase name="checksumInvalidoEsRechazado" classname="com.bcp.sipap.routes.MediadorRouteTest" time="0.094">
    <system-err><![CDATA[18:27:31.989 [INFO] ********************************************************************************
18:27:31.990 [INFO] Testing: checksumInvalidoEsRechazado() (com.bcp.sipap.routes.MediadorRouteTest)
18:27:31.990 [INFO] ********************************************************************************
18:27:32.006 [INFO] Skipping starting CamelContext as isUseAdviceWith is set to true.
18:27:32.008 [INFO] AdviceWith (*) : [Log[[RESULTADO] ${body}]] --> after [To[mock:resultado]]
18:27:32.008 [INFO] AdviceWith route after: Route(resultado-final)[From[direct:resultado] -> [OnException[[java.lang.Exception] -> [SetHeader[motivoRechazo, simple{Error inesperado en el mediador: ${exception.message}}], To[direct:dead-letter]]], Marshal[org.apache.camel.model.dataformat.JsonDataFormat@44c5a16f], Log[[RESULTADO] ${body}], To[mock:resultado]]]
18:27:32.008 [INFO] Adviced route before/after as XML:
<route xmlns="http://camel.apache.org/schema/spring" id="resultado-final">
    <from uri="direct:resultado"/>
    <onException>
        <exception>java.lang.Exception</exception>
        <setHeader name="motivoRechazo">
            <simple>Error inesperado en el mediador: ${exception.message}</simple>
        </setHeader>
        <to uri="direct:dead-letter"/>
    </onException>
    <marshal>
        <json library="Jackson"/>
    </marshal>
    <log message="[RESULTADO] ${body}"/>
</route>

<route xmlns="http://camel.apache.org/schema/spring" id="resultado-final">
    <from uri="direct:resultado"/>
    <onException>
        <exception>java.lang.Exception</exception>
        <setHeader name="motivoRechazo">
            <simple>Error inesperado en el mediador: ${exception.message}</simple>
        </setHeader>
        <to uri="direct:dead-letter"/>
    </onException>
    <marshal>
        <json library="Jackson"/>
    </marshal>
    <log message="[RESULTADO] ${body}"/>
    <to uri="mock:resultado"/>
</route>
18:27:32.056 [INFO] Apache Camel 4.4.0 (camel-3) is starting
18:27:32.061 [INFO] Routes startup (started:12)
18:27:32.061 [INFO]     Started resultado-final (direct://resultado)
18:27:32.061 [INFO]     Started mediador-recepcion (direct://sipap-in)
18:27:32.061 [INFO]     Started auditoria-wiretap (direct://audit)
18:27:32.061 [INFO]     Started mediador-parseo (direct://parseo)
18:27:32.061 [INFO]     Started dead-letter-channel (direct://dead-letter)
18:27:32.061 [INFO]     Started mediador-validacion (direct://validacion)
18:27:32.061 [INFO]     Started rechazo-negocio (direct://rechazo)
18:27:32.061 [INFO]     Started mediador-transformacion (direct://transformacion)
18:27:32.061 [INFO]     Started mediador-enrutamiento (direct://enrutamiento)
18:27:32.061 [INFO]     Started consumidor-itau (direct://itau)
18:27:32.061 [INFO]     Started consumidor-atlas (direct://atlas)
18:27:32.061 [INFO]     Started consumidor-familiar (direct://familiar)
18:27:32.061 [INFO] Apache Camel 4.4.0 (camel-3) started in 4ms (build:0ms init:0ms start:4ms)
18:27:32.064 [INFO] [MEDIADOR] Recibido TX=TX-TEST-CHECKSUM de 
18:27:32.064 [INFO] [AUDITORIA] TX=TX-TEST-CHECKSUM QR-crudo=00020101021132400014py.gov.bcp.sip01040007021012345678905204573153036005802PY5918COMERCIO DE PRUEBA6008ASUNCION63049999
18:27:32.065 [INFO] [RECHAZO] TX=TX-TEST-CHECKSUM motivo=Checksum inválido: '9999' (se esperaba A1B2)
18:27:32.067 [INFO] [RESULTADO] {"id_transaccion":"TX-TEST-CHECKSUM","estado":"RECHAZADA","mensaje":"Checksum inválido: '9999' (se esperaba A1B2)"}
18:27:32.067 [INFO] Asserting: mock://resultado is satisfied
18:27:32.067 [INFO] ********************************************************************************
18:27:32.068 [INFO] Testing done: checksumInvalidoEsRechazado() (com.bcp.sipap.routes.MediadorRouteTest)
18:27:32.068 [INFO] Took: 61ms (61 millis)
18:27:32.068 [INFO] ********************************************************************************
18:27:32.068 [INFO] Apache Camel 4.4.0 (camel-3) is shutting down (timeout:10s)
18:27:32.073 [INFO] Routes stopped (stopped:12)
18:27:32.073 [INFO]     Stopped consumidor-familiar (direct://familiar)
18:27:32.073 [INFO]     Stopped consumidor-atlas (direct://atlas)
18:27:32.073 [INFO]     Stopped consumidor-itau (direct://itau)
18:27:32.073 [INFO]     Stopped mediador-enrutamiento (direct://enrutamiento)
18:27:32.073 [INFO]     Stopped mediador-transformacion (direct://transformacion)
18:27:32.073 [INFO]     Stopped rechazo-negocio (direct://rechazo)
18:27:32.074 [INFO]     Stopped mediador-validacion (direct://validacion)
18:27:32.074 [INFO]     Stopped dead-letter-channel (direct://dead-letter)
18:27:32.074 [INFO]     Stopped mediador-parseo (direct://parseo)
18:27:32.074 [INFO]     Stopped auditoria-wiretap (direct://audit)
18:27:32.074 [INFO]     Stopped mediador-recepcion (direct://sipap-in)
18:27:32.074 [INFO]     Stopped resultado-final (direct://resultado)
18:27:32.074 [INFO] Apache Camel 4.4.0 (camel-3) shutdown in 5ms (uptime:0s)
]]></system-err>
  </testcase>
</testsuite>