<?xml version="1.0" encoding="UTF-8"?>
<testsuite xmlns:xsi="http://www.w3.org/2001/XMLSchema-instance" xsi:noNamespaceSchemaLocation="https://maven.apache.org/surefire/maven-surefire-plugin/xsd/surefire-test-report.xsd" version="3.0.2" name="com.bcp.sipap.validation.QrValidatorTest" time="0.082" tests="9" errors="0" skipped="0" failures="0">
  <properties>
[...]
</properties>
  <testcase name="bancoDestinoDesconocidoEsRechazado" classname="com.bcp.sipap.validation.QrValidatorTest" time="0.007"/>
  <testcase name="transferenciaValidaHaciaFamiliarNoLanzaExcepcion" classname="com.bcp.sipap.validation.QrValidatorTest" time="0.007"/>
  <testcase name="monedaDistintaDePygEsRechazada" classname="com.bcp.sipap.validation.QrValidatorTest" time="0.004"/>
  <testcase name="montoObligatorioEnQrDinamicoSinMontoEsRechazado" classname="com.bcp.sipap.validation.QrValidatorTest" time="0.004"/>
  <testcase name="montoMayorOIgualAlMaximoEsRechazado" classname="com.bcp.sipap.validation.QrValidatorTest" time="0.006"/>
  <testcase name="checksumDistintoDeDummyEsRechazado" classname="com.bcp.sipap.validation.QrValidatorTest" time="0.002"/>
  <testcase name="transferenciaValidaHaciaItauNoLanzaExcepcion" classname="com.bcp.sipap.validation.QrValidatorTest" time="0.012"/>
  <testcase name="transferenciaValidaHaciaAtlasNoLanzaExcepcion" classname="com.bcp.sipap.validation.QrValidatorTest" time="0.004"/>
  <testcase name="campoObligatorioAusenteEsRechazado" classname="com.bcp.sipap.validation.QrValidatorTest" time="0.002"/>
</testsuite>