<?xml version="1.0" encoding="UTF-8"?>
<testsuite xmlns:xsi="http://www.w3.org/2001/XMLSchema-instance" xsi:noNamespaceSchemaLocation="https://maven.apache.org/surefire/maven-surefire-plugin/xsd/surefire-test-report.xsd" version="3.0.2" name="com.bcp.sipap.routes.MediadorRouteTest" time="10.367" tests="3" errors="0" skipped="0" failures="0">
  <properties>
[...]
</properties>
  <testcase name="transferenciaValidaHaciaItauSeProcesa" classname="com.bcp.sipap.routes.MediadorRouteTest" time="8.612">
    <system-err><![CDATA[10:11:30.255 [INFO] ********************************************************************************
10:11:30.269 [INFO] Testing: transferenciaValidaHaciaItauSeProcesa() (com.bcp.sipap.routes.MediadorRouteTest)
10:11:30.269 [INFO] ********************************************************************************
10:11:34.739 [INFO] Skipping starting CamelContext as isUseAdviceWith is set to true.
10:11:35.311 [INFO] AdviceWith (*) : [Log[[RESULTADO] ${body}]] --> after [To[mock:resultado]]
10:11:35.323 [INFO] AdviceWith route after: Route(resultado-final)[From[direct:resultado] -> [OnException[[java.lang.Exception] -> [SetHeader[motivoRechazo, simple{Error inesperado en el mediador: ${exception.message}}], To[direct:dead-letter]]], Marshal[org.apache.camel.model.dataformat.JsonDataFormat@4b45dcb8], Log[[RESULTADO] ${body}], To[mock:resultado]]]
10:11:35.378 [INFO] Adviced route before/after as XML:
<route xmlns="http://camel.apache.org/schema/spring" id="resultado-final">
    <from uri="direct:resultado"/>
    <onException>
        <exception>java.lang.Exception</exception>
        <setHeader name="motivoRechazo">
            <simple>Error inesperado en el mediador: ${exception.message}</simple>
        </setHeader>
        <to uri="direct:dead-letter"/>
    </onException>
    <marshal>
        <json library="Jackson"/>
    </marshal>
    <log message="[RESULTADO] ${body}"/>
</route>

<route xmlns="http://camel.apache.org/schema/spring" id="resultado-final">
    <from uri="direct:resultado"/>
    <onException>
        <exception>java.lang.Exception</exception>
        <setHeader name="motivoRechazo">
            <simple>Error inesperado en el mediador: ${exception.message}</simple>
        </setHeader>
        <to uri="direct:dead-letter"/>
    </onException>
    <marshal>
        <json library="Jackson"/>
    </marshal>
    <log message="[RESULTADO] ${body}"/>
    <to uri="mock:resultado"/>
</route>
10:11:36.648 [INFO] Apache Camel 4.4.0 (camel-1) is starting
10:11:37.391 [INFO] Routes startup (started:12)
10:11:37.392 [INFO]     Started resultado-final (direct://resultado)
10:11:37.392 [INFO]     Started mediador-recepcion (direct://sipap-in)
10:11:37.392 [INFO]     Started auditoria-wiretap (direct://audit)
10:11:37.392 [INFO]     Started mediador-parseo (direct://parseo)
10:11:37.392 [INFO]     Started dead-letter-channel (direct://dead-letter)
10:11:37.392 [INFO]     Started mediador-validacion (direct://validacion)
10:11:37.392 [INFO]     Started rechazo-negocio (direct://rechazo)
10:11:37.392 [INFO]     Started mediador-transformacion (direct://transformacion)
10:11:37.392 [INFO]     Started mediador-enrutamiento (direct://enrutamiento)
10:11:37.394 [INFO]     Started consumidor-itau (direct://itau)
10:11:37.394 [INFO]     Started consumidor-atlas (direct://atlas)
10:11:37.394 [INFO]     Started consumidor-familiar (direct://familiar)
10:11:37.394 [INFO] Apache Camel 4.4.0 (camel-1) started in 740ms (build:0ms init:0ms start:740ms)
10:11:37.781 [INFO] [MEDIADOR] Recibido TX=TX-TEST-ITAU de 
10:11:37.812 [INFO] [AUDITORIA] TX=TX-TEST-ITAU QR-crudo=00020101021132400014py.gov.bcp.sip01040015021012345678905204573153036005802PY5918COMERCIO DE PRUEBA6008ASUNCION6304A1B2
10:11:37.990 [INFO] [TRANSFORMADO] TX=TX-TEST-ITAU -> Transferencia{idTransaccion='TX-TEST-ITAU', payloadFormatIndicator='01', pointOfInitiationMethod='11', merchantAccountInformation=MerchantAccountInformation{globallyUniqueIdentifier='py.gov.bcp.sip', codigoEntidad='0015', numeroCuenta='1234567890'}, merchantCategoryCode='5731', transactionCurrency='600', transactionAmount=null, countryCode='PY', merchantName='COMERCIO DE PRUEBA', merchantCity='ASUNCION', crc='A1B2'}
10:11:38.092 [INFO] [ITAU] Transferencia recibida: Transferencia{idTransaccion='TX-TEST-ITAU', payloadFormatIndicator='01', pointOfInitiationMethod='11', merchantAccountInformation=MerchantAccountInformation{globallyUniqueIdentifier='py.gov.bcp.sip', codigoEntidad='0015', numeroCuenta='1234567890'}, merchantCategoryCode='5731', transactionCurrency='600', transactionAmount=null, countryCode='PY', merchantName='COMERCIO DE PRUEBA', merchantCity='ASUNCION', crc='A1B2'}
10:11:38.529 [INFO] [RESULTADO] {"id_transaccion":"TX-TEST-ITAU","estado":"PROCESADA","mensaje":"Transferencia procesada exitosamente en Banco Itaú Paraguay (cuenta 1234567890)"}
10:11:38.535 [INFO] Asserting: mock://resultado is satisfied
10:11:38.543 [INFO] ********************************************************************************
10:11:38.543 [INFO] Testing done: transferenciaValidaHaciaItauSeProcesa() (com.bcp.sipap.routes.MediadorRouteTest)
10:11:38.543 [INFO] Took: 3s803ms (3803 millis)
10:11:38.543 [INFO] ********************************************************************************
10:11:38.553 [INFO] Apache Camel 4.4.0 (camel-1) is shutting down (timeout:10s)
10:11:38.684 [INFO] Routes stopped (stopped:12)
10:11:38.684 [INFO]     Stopped consumidor-familiar (direct://familiar)
10:11:38.685 [INFO]     Stopped consumidor-atlas (direct://atlas)
10:11:38.685 [INFO]     Stopped consumidor-itau (direct://itau)
10:11:38.687 [INFO]     Stopped mediador-enrutamiento (direct://enrutamiento)
10:11:38.687 [INFO]     Stopped mediador-transformacion (direct://transformacion)
10:11:38.687 [INFO]     Stopped rechazo-negocio (direct://rechazo)
10:11:38.688 [INFO]     Stopped mediador-validacion (direct://validacion)
10:11:38.688 [INFO]     Stopped dead-letter-channel (direct://dead-letter)
10:11:38.688 [INFO]     Stopped mediador-parseo (direct://parseo)
10:11:38.689 [INFO]     Stopped auditoria-wiretap (direct://audit)
10:11:38.689 [INFO]     Stopped mediador-recepcion (direct://sipap-in)
10:11:38.689 [INFO]     Stopped resultado-final (direct://resultado)
10:11:38.707 [INFO] Apache Camel 4.4.0 (camel-1) shutdown in 153ms (uptime:2s)
]]></system-err>
  </testcase>
  <testcase name="transferenciaHaciaBancoDesconocidoEsRechazada" classname="com.bcp.sipap.routes.MediadorRouteTest" time="0.853">
    <system-err><![CDATA[10:11:38.779 [INFO] ********************************************************************************
10:11:38.789 [INFO] Testing: transferenciaHaciaBancoDesconocidoEsRechazada() (com.bcp.sipap.routes.MediadorRouteTest)
10:11:38.794 [INFO] ********************************************************************************
10:11:38.942 [INFO] Skipping starting CamelContext as isUseAdviceWith is set to true.
10:11:38.945 [INFO] AdviceWith (*) : [Log[[RESULTADO] ${body}]] --> after [To[mock:resultado]]
10:11:38.947 [INFO] AdviceWith route after: Route(resultado-final)[From[direct:resultado] -> [OnException[[java.lang.Exception] -> [SetHeader[motivoRechazo, simple{Error inesperado en el mediador: ${exception.message}}], To[direct:dead-letter]]], Marshal[org.apache.camel.model.dataformat.JsonDataFormat@6ac97b84], Log[[RESULTADO] ${body}], To[mock:resultado]]]
10:11:38.947 [INFO] Adviced route before/after as XML:
<route xmlns="http://camel.apache.org/schema/spring" id="resultado-final">
    <from uri="direct:resultado"/>
    <onException>
        <exception>java.lang.Exception</exception>
        <setHeader name="motivoRechazo">
            <simple>Error inesperado en el mediador: ${exception.message}</simple>
        </setHeader>
        <to uri="direct:dead-letter"/>
    </onException>
    <marshal>
        <json library="Jackson"/>
    </marshal>
    <log message="[RESULTADO] ${body}"/>
</route>

<route xmlns="http://camel.apache.org/schema/spring" id="resultado-final">
    <from uri="direct:resultado"/>
    <onException>
        <exception>java.lang.Exception</exception>
        <setHeader name="motivoRechazo">
            <simple>Error inesperado en el mediador: ${exception.message}</simple>
        </setHeader>
        <to uri="direct:dead-letter"/>
    </onException>
    <marshal>
        <json library="Jackson"/>
    </marshal>
    <log message="[RESULTADO] ${body}"/>
    <to uri="mock:resultado"/>
</route>
10:11:39.232 [INFO] Apache Camel 4.4.0 (camel-2) is starting
10:11:39.342 [INFO] Routes startup (started:12)
10:11:39.342 [INFO]     Started resultado-final (direct://resultado)
10:11:39.342 [INFO]     Started mediador-recepcion (direct://sipap-in)
10:11:39.342 [INFO]     Started auditoria-wiretap (direct://audit)
10:11:39.342 [INFO]     Started mediador-parseo (direct://parseo)
10:11:39.342 [INFO]     Started dead-letter-channel (direct://dead-letter)
10:11:39.344 [INFO]     Started mediador-validacion (direct://validacion)
10:11:39.345 [INFO]     Started rechazo-negocio (direct://rechazo)
10:11:39.345 [INFO]     Started mediador-transformacion (direct://transformacion)
10:11:39.395 [INFO]     Started mediador-enrutamiento (direct://enrutamiento)
10:11:39.395 [INFO]     Started consumidor-itau (direct://itau)
10:11:39.395 [INFO]     Started consumidor-atlas (direct://atlas)
10:11:39.395 [INFO]     Started consumidor-familiar (direct://familiar)
10:11:39.395 [INFO] Apache Camel 4.4.0 (camel-2) started in 163ms (build:0ms init:0ms start:163ms)
10:11:39.430 [INFO] [MEDIADOR] Recibido TX=TX-TEST-DESCONOCIDO de 
10:11:39.439 [INFO] [RECHAZO] TX=TX-TEST-DESCONOCIDO motivo=Código de entidad no reconocido: '9999'
10:11:39.448 [INFO] [AUDITORIA] TX=TX-TEST-DESCONOCIDO QR-crudo=00020101021132400014py.gov.bcp.sip01049999021012345678905204573153036005802PY5918COMERCIO DE PRUEBA6008ASUNCION6304A1B2
10:11:39.510 [INFO] [RESULTADO] {"id_transaccion":"TX-TEST-DESCONOCIDO","estado":"RECHAZADA","mensaje":"Código de entidad no reconocido: '9999'"}
10:11:39.511 [INFO] Asserting: mock://resultado is satisfied
10:11:39.522 [INFO] ********************************************************************************
10:11:39.522 [INFO] Testing done: transferenciaHaciaBancoDesconocidoEsRechazada() (com.bcp.sipap.routes.MediadorRouteTest)
10:11:39.522 [INFO] Took: 579ms (579 millis)
10:11:39.522 [INFO] ********************************************************************************
10:11:39.522 [INFO] Apache Camel 4.4.0 (camel-2) is shutting down (timeout:10s)
10:11:39.582 [INFO] Routes stopped (stopped:12)
10:11:39.582 [INFO]     Stopped consumidor-familiar (direct://familiar)
10:11:39.582 [INFO]     Stopped consumidor-atlas (direct://atlas)
10:11:39.582 [INFO]     Stopped consumidor-itau (direct://itau)
10:11:39.582 [INFO]     Stopped mediador-enrutamiento (direct://enrutamiento)
10:11:39.582 [INFO]     Stopped mediador-transformacion (direct://transformacion)
10:11:39.582 [INFO]     Stopped rechazo-negocio (direct://rechazo)
10:11:39.582 [INFO]     Stopped mediador-validacion (direct://validacion)
10:11:39.582 [INFO]     Stopped dead-letter-channel (direct://dead-letter)
10:11:39.582 [INFO]     Stopped mediador-parseo (direct://parseo)
10:11:39.582 [INFO]     Stopped auditoria-wiretap (direct://audit)
10:11:39.582 [INFO]     Stopped mediador-recepcion (direct://sipap-in)
10:11:39.582 [INFO]     Stopped resultado-final (direct://resultado)
10:11:39.592 [INFO] Apache Camel 4.4.0 (camel-2) shutdown in 70ms (uptime:0s)
]]></system-err>
  </testcase>
  <testcase name="checksumInvalidoEsRechazado" classname="com.bcp.sipap.routes.MediadorRouteTest" time="0.622">
    <system-err><![CDATA[10:11:39.639 [INFO] ********************************************************************************
10:11:39.639 [INFO] Testing: checksumInvalidoEsRechazado() (com.bcp.sipap.routes.MediadorRouteTest)
10:11:39.639 [INFO] ********************************************************************************
10:11:39.886 [INFO] Skipping starting CamelContext as isUseAdviceWith is set to true.
10:11:39.896 [INFO] AdviceWith (*) : [Log[[RESULTADO] ${body}]] --> after [To[mock:resultado]]
10:11:39.896 [INFO] AdviceWith route after: Route(resultado-final)[From[direct:resultado] -> [OnException[[java.lang.Exception] -> [SetHeader[motivoRechazo, simple{Error inesperado en el mediador: ${exception.message}}], To[direct:dead-letter]]], Marshal[org.apache.camel.model.dataformat.JsonDataFormat@44c5a16f], Log[[RESULTADO] ${body}], To[mock:resultado]]]
10:11:39.897 [INFO] Adviced route before/after as XML:
<route xmlns="http://camel.apache.org/schema/spring" id="resultado-final">
    <from uri="direct:resultado"/>
    <onException>
        <exception>java.lang.Exception</exception>
        <setHeader name="motivoRechazo">
            <simple>Error inesperado en el mediador: ${exception.message}</simple>
        </setHeader>
        <to uri="direct:dead-letter"/>
    </onException>
    <marshal>
        <json library="Jackson"/>
    </marshal>
    <log message="[RESULTADO] ${body}"/>
</route>

<route xmlns="http://camel.apache.org/schema/spring" id="resultado-final">
    <from uri="direct:resultado"/>
    <onException>
        <exception>java.lang.Exception</exception>
        <setHeader name="motivoRechazo">
            <simple>Error inesperado en el mediador: ${exception.message}</simple>
        </setHeader>
        <to uri="direct:dead-letter"/>
    </onException>
    <marshal>
        <json library="Jackson"/>
    </marshal>
    <log message="[RESULTADO] ${body}"/>
    <to uri="mock:resultado"/>
</route>
10:11:40.147 [INFO] Apache Camel 4.4.0 (camel-3) is starting
10:11:40.176 [INFO] Routes startup (started:12)
10:11:40.176 [INFO]     Started resultado-final (direct://resultado)
10:11:40.176 [INFO]     Started mediador-recepcion (direct://sipap-in)
10:11:40.176 [INFO]     Started auditoria-wiretap (direct://audit)
10:11:40.176 [INFO]     Started mediador-parseo (direct://parseo)
10:11:40.176 [INFO]     Started dead-letter-channel (direct://dead-letter)
10:11:40.176 [INFO]     Started mediador-validacion (direct://validacion)
10:11:40.176 [INFO]     Started rechazo-negocio (direct://rechazo)
10:11:40.176 [INFO]     Started mediador-transformacion (direct://transformacion)
10:11:40.176 [INFO]     Started mediador-enrutamiento (direct://enrutamiento)
10:11:40.177 [INFO]     Started consumidor-itau (direct://itau)
10:11:40.177 [INFO]     Started consumidor-atlas (direct://atlas)
10:11:40.177 [INFO]     Started consumidor-familiar (direct://familiar)
10:11:40.177 [INFO] Apache Camel 4.4.0 (camel-3) started in 29ms (build:0ms init:0ms start:29ms)
10:11:40.192 [INFO] [MEDIADOR] Recibido TX=TX-TEST-CHECKSUM de 
10:11:40.193 [INFO] [RECHAZO] TX=TX-TEST-CHECKSUM motivo=Checksum inválido: '9999' (se esperaba A1B2)
10:11:40.206 [INFO] [RESULTADO] {"id_transaccion":"TX-TEST-CHECKSUM","estado":"RECHAZADA","mensaje":"Checksum inválido: '9999' (se esperaba A1B2)"}
10:11:40.207 [INFO] Asserting: mock://resultado is satisfied
10:11:40.207 [INFO] ********************************************************************************
10:11:40.207 [INFO] Testing done: checksumInvalidoEsRechazado() (com.bcp.sipap.routes.MediadorRouteTest)
10:11:40.208 [INFO] Took: 320ms (320 millis)
10:11:40.208 [INFO] ********************************************************************************
10:11:40.208 [INFO] Apache Camel 4.4.0 (camel-3) is shutting down (timeout:10s)
10:11:40.219 [INFO] [AUDITORIA] TX=TX-TEST-CHECKSUM QR-crudo=00020101021132400014py.gov.bcp.sip01040007021012345678905204573153036005802PY5918COMERCIO DE PRUEBA6008ASUNCION63049999
10:11:40.248 [INFO] Routes stopped (stopped:12)
10:11:40.249 [INFO]     Stopped consumidor-familiar (direct://familiar)
10:11:40.249 [INFO]     Stopped consumidor-atlas (direct://atlas)
10:11:40.249 [INFO]     Stopped consumidor-itau (direct://itau)
10:11:40.249 [INFO]     Stopped mediador-enrutamiento (direct://enrutamiento)
10:11:40.249 [INFO]     Stopped mediador-transformacion (direct://transformacion)
10:11:40.249 [INFO]     Stopped rechazo-negocio (direct://rechazo)
10:11:40.249 [INFO]     Stopped mediador-validacion (direct://validacion)
10:11:40.249 [INFO]     Stopped dead-letter-channel (direct://dead-letter)
10:11:40.249 [INFO]     Stopped mediador-parseo (direct://parseo)
10:11:40.249 [INFO]     Stopped auditoria-wiretap (direct://audit)
10:11:40.249 [INFO]     Stopped mediador-recepcion (direct://sipap-in)
10:11:40.250 [INFO]     Stopped resultado-final (direct://resultado)
10:11:40.250 [INFO] Apache Camel 4.4.0 (camel-3) shutdown in 42ms (uptime:0s)
]]></system-err>
  </testcase>
</testsuite>