<?xml version="1.0" encoding="UTF-8"?>
<testsuite xmlns:xsi="http://www.w3.org/2001/XMLSchema-instance" xsi:noNamespaceSchemaLocation="https://maven.apache.org/surefire/maven-surefire-plugin/xsd/surefire-test-report.xsd" version="3.0.2" name="com.bcp.sipap.routes.MediadorRouteTest" time="1.49" tests="3" errors="0" skipped="0" failures="0">
  <properties>
[...]
</properties>
  <testcase name="transferenciaValidaHaciaItauSeProcesa" classname="com.bcp.sipap.routes.MediadorRouteTest" time="1.188">
    <system-err><![CDATA[20:41:57.873 [INFO] ********************************************************************************
20:41:57.875 [INFO] Testing: transferenciaValidaHaciaItauSeProcesa() (com.bcp.sipap.routes.MediadorRouteTest)
20:41:57.875 [INFO] ********************************************************************************
20:41:58.350 [INFO] Skipping starting CamelContext as isUseAdviceWith is set to true.
20:41:58.411 [INFO] AdviceWith (*) : [Log[[RESULTADO] ${body}]] --> after [To[mock:resultado]]
20:41:58.412 [INFO] AdviceWith route after: Route(resultado-final)[From[direct:resultado] -> [OnException[[java.lang.Exception] -> [SetHeader[motivoRechazo, simple{Error inesperado en el mediador: ${exception.message}}], To[direct:dead-letter]]], Marshal[org.apache.camel.model.dataformat.JsonDataFormat@57ea113a], Log[[RESULTADO] ${body}], To[mock:resultado]]]
20:41:58.417 [INFO] Adviced route before/after as XML:
<route xmlns="http://camel.apache.org/schema/spring" id="resultado-final">
    <from uri="direct:resultado"/>
    <onException>
        <exception>java.lang.Exception</exception>
        <setHeader name="motivoRechazo">
            <simple>Error inesperado en el mediador: ${exception.message}</simple>
        </setHeader>
        <to uri="direct:dead-letter"/>
    </onException>
    <marshal>
        <json library="Jackson"/>
    </marshal>
    <log message="[RESULTADO] ${body}"/>
</route>

<route xmlns="http://camel.apache.org/schema/spring" id="resultado-final">
    <from uri="direct:resultado"/>
    <onException>
        <exception>java.lang.Exception</exception>
        <setHeader name="motivoRechazo">
            <simple>Error inesperado en el mediador: ${exception.message}</simple>
        </setHeader>
        <to uri="direct:dead-letter"/>
    </onException>
    <marshal>
        <json library="Jackson"/>
    </marshal>
    <log message="[RESULTADO] ${body}"/>
    <to uri="mock:resultado"/>
</route>
20:41:58.684 [INFO] Apache Camel 4.4.0 (camel-1) is starting
20:41:58.879 [INFO] Routes startup (started:12)
20:41:58.879 [INFO]     Started resultado-final (direct://resultado)
20:41:58.879 [INFO]     Started mediador-recepcion (direct://sipap-in)
20:41:58.879 [INFO]     Started auditoria-wiretap (direct://audit)
20:41:58.879 [INFO]     Started mediador-parseo (direct://parseo)
20:41:58.879 [INFO]     Started dead-letter-channel (direct://dead-letter)
20:41:58.879 [INFO]     Started mediador-validacion (direct://validacion)
20:41:58.879 [INFO]     Started rechazo-negocio (direct://rechazo)
20:41:58.879 [INFO]     Started mediador-transformacion (direct://transformacion)
20:41:58.879 [INFO]     Started mediador-enrutamiento (direct://enrutamiento)
20:41:58.880 [INFO]     Started consumidor-itau (direct://itau)
20:41:58.880 [INFO]     Started consumidor-atlas (direct://atlas)
20:41:58.880 [INFO]     Started consumidor-familiar (direct://familiar)
20:41:58.880 [INFO] Apache Camel 4.4.0 (camel-1) started in 194ms (build:0ms init:0ms start:194ms)
20:41:58.893 [INFO] [MEDIADOR] Recibido TX=TX-TEST-ITAU de 
20:41:58.897 [INFO] [AUDITORIA] TX=TX-TEST-ITAU QR-crudo=00020101021132400014py.gov.bcp.sip01040015021012345678905204573153036005802PY5918COMERCIO DE PRUEBA6008ASUNCION6304A1B2
20:41:58.937 [INFO] [TRANSFORMADO] TX=TX-TEST-ITAU -> Transferencia{idTransaccion='TX-TEST-ITAU', payloadFormatIndicator='01', pointOfInitiationMethod='11', merchantAccountInformation=MerchantAccountInformation{globallyUniqueIdentifier='py.gov.bcp.sip', codigoEntidad='0015', numeroCuenta='1234567890'}, merchantCategoryCode='5731', transactionCurrency='600', transactionAmount=null, countryCode='PY', merchantName='COMERCIO DE PRUEBA', merchantCity='ASUNCION', crc='A1B2'}
20:41:58.958 [INFO] [ITAU] Transferencia recibida: Transferencia{idTransaccion='TX-TEST-ITAU', payloadFormatIndicator='01', pointOfInitiationMethod='11', merchantAccountInformation=MerchantAccountInformation{globallyUniqueIdentifier='py.gov.bcp.sip', codigoEntidad='0015', numeroCuenta='1234567890'}, merchantCategoryCode='5731', transactionCurrency='600', transactionAmount=null, countryCode='PY', merchantName='COMERCIO DE PRUEBA', merchantCity='ASUNCION', crc='A1B2'}
20:41:59.033 [INFO] [RESULTADO] {"id_transaccion":"TX-TEST-ITAU","estado":"PROCESADA","mensaje":"Transferencia procesada exitosamente en Banco Itaú Paraguay (cuenta 1234567890)"}
20:41:59.035 [INFO] Asserting: mock://resultado is satisfied
20:41:59.038 [INFO] ********************************************************************************
20:41:59.038 [INFO] Testing done: transferenciaValidaHaciaItauSeProcesa() (com.bcp.sipap.routes.MediadorRouteTest)
20:41:59.038 [INFO] Took: 687ms (687 millis)
20:41:59.038 [INFO] ********************************************************************************
20:41:59.039 [INFO] Apache Camel 4.4.0 (camel-1) is shutting down (timeout:10s)
20:41:59.053 [INFO] Routes stopped (stopped:12)
20:41:59.053 [INFO]     Stopped consumidor-familiar (direct://familiar)
20:41:59.054 [INFO]     Stopped consumidor-atlas (direct://atlas)
20:41:59.054 [INFO]     Stopped consumidor-itau (direct://itau)
20:41:59.054 [INFO]     Stopped mediador-enrutamiento (direct://enrutamiento)
20:41:59.054 [INFO]     Stopped mediador-transformacion (direct://transformacion)
20:41:59.054 [INFO]     Stopped rechazo-negocio (direct://rechazo)
20:41:59.054 [INFO]     Stopped mediador-validacion (direct://validacion)
20:41:59.054 [INFO]     Stopped dead-letter-channel (direct://dead-letter)
20:41:59.054 [INFO]     Stopped mediador-parseo (direct://parseo)
20:41:59.054 [INFO]     Stopped auditoria-wiretap (direct://audit)
20:41:59.054 [INFO]     Stopped mediador-recepcion (direct://sipap-in)
20:41:59.054 [INFO]     Stopped resultado-final (direct://resultado)
20:41:59.057 [INFO] Apache Camel 4.4.0 (camel-1) shutdown in 18ms (uptime:0s)
]]></system-err>
  </testcase>
  <testcase name="transferenciaHaciaBancoDesconocidoEsRechazada" classname="com.bcp.sipap.routes.MediadorRouteTest" time="0.125">
    <system-err><![CDATA[20:41:59.064 [INFO] ********************************************************************************
20:41:59.065 [INFO] Testing: transferenciaHaciaBancoDesconocidoEsRechazada() (com.bcp.sipap.routes.MediadorRouteTest)
20:41:59.065 [INFO] ********************************************************************************
20:41:59.101 [INFO] Skipping starting CamelContext as isUseAdviceWith is set to true.
20:41:59.103 [INFO] AdviceWith (*) : [Log[[RESULTADO] ${body}]] --> after [To[mock:resultado]]
20:41:59.103 [INFO] AdviceWith route after: Route(resultado-final)[From[direct:resultado] -> [OnException[[java.lang.Exception] -> [SetHeader[motivoRechazo, simple{Error inesperado en el mediador: ${exception.message}}], To[direct:dead-letter]]], Marshal[org.apache.camel.model.dataformat.JsonDataFormat@6a714237], Log[[RESULTADO] ${body}], To[mock:resultado]]]
20:41:59.103 [INFO] Adviced route before/after as XML:
<route xmlns="http://camel.apache.org/schema/spring" id="resultado-final">
    <from uri="direct:resultado"/>
    <onException>
        <exception>java.lang.Exception</exception>
        <setHeader name="motivoRechazo">
            <simple>Error inesperado en el mediador: ${exception.message}</simple>
        </setHeader>
        <to uri="direct:dead-letter"/>
    </onException>
    <marshal>
        <json library="Jackson"/>
    </marshal>
    <log message="[RESULTADO] ${body}"/>
</route>

<route xmlns="http://camel.apache.org/schema/spring" id="resultado-final">
    <from uri="direct:resultado"/>
    <onException>
        <exception>java.lang.Exception</exception>
        <setHeader name="motivoRechazo">
            <simple>Error inesperado en el mediador: ${exception.message}</simple>
        </setHeader>
        <to uri="direct:dead-letter"/>
    </onException>
    <marshal>
        <json library="Jackson"/>
    </marshal>
    <log message="[RESULTADO] ${body}"/>
    <to uri="mock:resultado"/>
</route>
20:41:59.164 [INFO] Apache Camel 4.4.0 (camel-2) is starting
20:41:59.168 [INFO] Routes startup (started:12)
20:41:59.168 [INFO]     Started resultado-final (direct://resultado)
20:41:59.168 [INFO]     Started mediador-recepcion (direct://sipap-in)
20:41:59.168 [INFO]     Started auditoria-wiretap (direct://audit)
20:41:59.168 [INFO]     Started mediador-parseo (direct://parseo)
20:41:59.168 [INFO]     Started dead-letter-channel (direct://dead-letter)
20:41:59.168 [INFO]     Started mediador-validacion (direct://validacion)
20:41:59.168 [INFO]     Started rechazo-negocio (direct://rechazo)
20:41:59.168 [INFO]     Started mediador-transformacion (direct://transformacion)
20:41:59.168 [INFO]     Started mediador-enrutamiento (direct://enrutamiento)
20:41:59.168 [INFO]     Started consumidor-itau (direct://itau)
20:41:59.168 [INFO]     Started consumidor-atlas (direct://atlas)
20:41:59.168 [INFO]     Started consumidor-familiar (direct://familiar)
20:41:59.168 [INFO] Apache Camel 4.4.0 (camel-2) started in 5ms (build:0ms init:0ms start:5ms)
20:41:59.170 [INFO] [MEDIADOR] Recibido TX=TX-TEST-DESCONOCIDO de 
20:41:59.171 [INFO] [AUDITORIA] TX=TX-TEST-DESCONOCIDO QR-crudo=00020101021132400014py.gov.bcp.sip01049999021012345678905204573153036005802PY5918COMERCIO DE PRUEBA6008ASUNCION6304A1B2
20:41:59.172 [INFO] [RECHAZO] TX=TX-TEST-DESCONOCIDO motivo=Código de entidad no reconocido: '9999'
20:41:59.174 [INFO] [RESULTADO] {"id_transaccion":"TX-TEST-DESCONOCIDO","estado":"RECHAZADA","mensaje":"Código de entidad no reconocido: '9999'"}
20:41:59.176 [INFO] Asserting: mock://resultado is satisfied
20:41:59.176 [INFO] ********************************************************************************
20:41:59.176 [INFO] Testing done: transferenciaHaciaBancoDesconocidoEsRechazada() (com.bcp.sipap.routes.MediadorRouteTest)
20:41:59.176 [INFO] Took: 74ms (74 millis)
20:41:59.176 [INFO] ********************************************************************************
20:41:59.176 [INFO] Apache Camel 4.4.0 (camel-2) is shutting down (timeout:10s)
20:41:59.184 [INFO] Routes stopped (stopped:12)
20:41:59.184 [INFO]     Stopped consumidor-familiar (direct://familiar)
20:41:59.184 [INFO]     Stopped consumidor-atlas (direct://atlas)
20:41:59.184 [INFO]     Stopped consumidor-itau (direct://itau)
20:41:59.184 [INFO]     Stopped mediador-enrutamiento (direct://enrutamiento)
20:41:59.184 [INFO]     Stopped mediador-transformacion (direct://transformacion)
20:41:59.184 [INFO]     Stopped rechazo-negocio (direct://rechazo)
20:41:59.185 [INFO]     Stopped mediador-validacion (direct://validacion)
20:41:59.185 [INFO]     Stopped dead-letter-channel (direct://dead-letter)
20:41:59.185 [INFO]     Stopped mediador-parseo (direct://parseo)
20:41:59.185 [INFO]     Stopped auditoria-wiretap (direct://audit)
20:41:59.185 [INFO]     Stopped mediador-recepcion (direct://sipap-in)
20:41:59.185 [INFO]     Stopped resultado-final (direct://resultado)
20:41:59.185 [INFO] Apache Camel 4.4.0 (camel-2) shutdown in 9ms (uptime:0s)
]]></system-err>
  </testcase>
  <testcase name="checksumInvalidoEsRechazado" classname="com.bcp.sipap.routes.MediadorRouteTest" time="0.124">
    <system-err><![CDATA[20:41:59.196 [INFO] ********************************************************************************
20:41:59.196 [INFO] Testing: checksumInvalidoEsRechazado() (com.bcp.sipap.routes.MediadorRouteTest)
20:41:59.196 [INFO] ********************************************************************************
20:41:59.214 [INFO] Skipping starting CamelContext as isUseAdviceWith is set to true.
20:41:59.215 [INFO] AdviceWith (*) : [Log[[RESULTADO] ${body}]] --> after [To[mock:resultado]]
20:41:59.215 [INFO] AdviceWith route after: Route(resultado-final)[From[direct:resultado] -> [OnException[[java.lang.Exception] -> [SetHeader[motivoRechazo, simple{Error inesperado en el mediador: ${exception.message}}], To[direct:dead-letter]]], Marshal[org.apache.camel.model.dataformat.JsonDataFormat@44f3fe83], Log[[RESULTADO] ${body}], To[mock:resultado]]]
20:41:59.216 [INFO] Adviced route before/after as XML:
<route xmlns="http://camel.apache.org/schema/spring" id="resultado-final">
    <from uri="direct:resultado"/>
    <onException>
        <exception>java.lang.Exception</exception>
        <setHeader name="motivoRechazo">
            <simple>Error inesperado en el mediador: ${exception.message}</simple>
        </setHeader>
        <to uri="direct:dead-letter"/>
    </onException>
    <marshal>
        <json library="Jackson"/>
    </marshal>
    <log message="[RESULTADO] ${body}"/>
</route>

<route xmlns="http://camel.apache.org/schema/spring" id="resultado-final">
    <from uri="direct:resultado"/>
    <onException>
        <exception>java.lang.Exception</exception>
        <setHeader name="motivoRechazo">
            <simple>Error inesperado en el mediador: ${exception.message}</simple>
        </setHeader>
        <to uri="direct:dead-letter"/>
    </onException>
    <marshal>
        <json library="Jackson"/>
    </marshal>
    <log message="[RESULTADO] ${body}"/>
    <to uri="mock:resultado"/>
</route>
20:41:59.293 [INFO] Apache Camel 4.4.0 (camel-3) is starting
20:41:59.303 [INFO] Routes startup (started:12)
20:41:59.303 [INFO]     Started resultado-final (direct://resultado)
20:41:59.303 [INFO]     Started mediador-recepcion (direct://sipap-in)
20:41:59.303 [INFO]     Started auditoria-wiretap (direct://audit)
20:41:59.303 [INFO]     Started mediador-parseo (direct://parseo)
20:41:59.303 [INFO]     Started dead-letter-channel (direct://dead-letter)
20:41:59.303 [INFO]     Started mediador-validacion (direct://validacion)
20:41:59.303 [INFO]     Started rechazo-negocio (direct://rechazo)
20:41:59.303 [INFO]     Started mediador-transformacion (direct://transformacion)
20:41:59.304 [INFO]     Started mediador-enrutamiento (direct://enrutamiento)
20:41:59.304 [INFO]     Started consumidor-itau (direct://itau)
20:41:59.304 [INFO]     Started consumidor-atlas (direct://atlas)
20:41:59.304 [INFO]     Started consumidor-familiar (direct://familiar)
20:41:59.304 [INFO] Apache Camel 4.4.0 (camel-3) started in 10ms (build:0ms init:0ms start:10ms)
20:41:59.305 [INFO] [MEDIADOR] Recibido TX=TX-TEST-CHECKSUM de 
20:41:59.306 [INFO] [RECHAZO] TX=TX-TEST-CHECKSUM motivo=Checksum inválido: '9999' (se esperaba A1B2)
20:41:59.306 [INFO] [AUDITORIA] TX=TX-TEST-CHECKSUM QR-crudo=00020101021132400014py.gov.bcp.sip01040007021012345678905204573153036005802PY5918COMERCIO DE PRUEBA6008ASUNCION63049999
20:41:59.308 [INFO] [RESULTADO] {"id_transaccion":"TX-TEST-CHECKSUM","estado":"RECHAZADA","mensaje":"Checksum inválido: '9999' (se esperaba A1B2)"}
20:41:59.308 [INFO] Asserting: mock://resultado is satisfied
20:41:59.308 [INFO] ********************************************************************************
20:41:59.308 [INFO] Testing done: checksumInvalidoEsRechazado() (com.bcp.sipap.routes.MediadorRouteTest)
20:41:59.308 [INFO] Took: 93ms (93 millis)
20:41:59.308 [INFO] ********************************************************************************
20:41:59.308 [INFO] Apache Camel 4.4.0 (camel-3) is shutting down (timeout:10s)
20:41:59.316 [INFO] Routes stopped (stopped:12)
20:41:59.316 [INFO]     Stopped consumidor-familiar (direct://familiar)
20:41:59.316 [INFO]     Stopped consumidor-atlas (direct://atlas)
20:41:59.317 [INFO]     Stopped consumidor-itau (direct://itau)
20:41:59.317 [INFO]     Stopped mediador-enrutamiento (direct://enrutamiento)
20:41:59.317 [INFO]     Stopped mediador-transformacion (direct://transformacion)
20:41:59.317 [INFO]     Stopped rechazo-negocio (direct://rechazo)
20:41:59.317 [INFO]     Stopped mediador-validacion (direct://validacion)
20:41:59.317 [INFO]     Stopped dead-letter-channel (direct://dead-letter)
20:41:59.317 [INFO]     Stopped mediador-parseo (direct://parseo)
20:41:59.317 [INFO]     Stopped auditoria-wiretap (direct://audit)
20:41:59.317 [INFO]     Stopped mediador-recepcion (direct://sipap-in)
20:41:59.317 [INFO]     Stopped resultado-final (direct://resultado)
20:41:59.317 [INFO] Apache Camel 4.4.0 (camel-3) shutdown in 8ms (uptime:0s)
]]></system-err>
  </testcase>
</testsuite>