<?xml version="1.0" encoding="UTF-8"?>
<testsuite xmlns:xsi="http://www.w3.org/2001/XMLSchema-instance" xsi:noNamespaceSchemaLocation="https://maven.apache.org/surefire/maven-surefire-plugin/xsd/surefire-test-report-3.0.xsd" version="3.0" name="com.sipap.routes.EndToEndFlowTest" time="13.737" tests="3" errors="0" skipped="0" failures="0">
  <properties>
[...]
</properties>
  <testcase name="mensajeDuplicadoEsAceptadoEnApiPeroDescartadoEnElConsumidor" classname="com.sipap.routes.EndToEndFlowTest" time="3.823">
    <system-out><![CDATA[
  .   ____          _            __ _ _
 /\\ / ___'_ __ _ _(_)_ __  __ _ \ \ \ \
( ( )\___ | '_ | '_| | '_ \/ _` | \ \ \ \
 \\/  ___)| |_)| | | | | || (_| |  ) ) ) )
  '  |____| .__|_| |_|_| |_\__, | / / / /
 =========|_|==============|___/=/_/_/_/
 :: Spring Boot ::                (v3.2.5)

2026-08-24T17:15:55.161-03:00  INFO 14544 --- [           main] com.sipap.routes.EndToEndFlowTest        : Starting EndToEndFlowTest using Java 17.0.16 with PID 14544 (started by Junior in C:\Users\Junior\Documents\INTEGRACION DE SISTEMAS II\sipap-tarea2)
2026-08-24T17:15:55.164-03:00 DEBUG 14544 --- [           main] com.sipap.routes.EndToEndFlowTest        : Running with Spring Boot v3.2.5, Spring v6.1.6
2026-08-24T17:15:55.164-03:00  INFO 14544 --- [           main] com.sipap.routes.EndToEndFlowTest        : No active profile set, falling back to 1 default profile: "default"
2026-08-24T17:15:57.896-03:00  INFO 14544 --- [           main] o.s.b.w.embedded.tomcat.TomcatWebServer  : Tomcat initialized with port 0 (http)
2026-08-24T17:15:57.906-03:00  INFO 14544 --- [           main] o.apache.catalina.core.StandardService   : Starting service [Tomcat]
2026-08-24T17:15:57.906-03:00  INFO 14544 --- [           main] o.apache.catalina.core.StandardEngine    : Starting Servlet engine: [Apache Tomcat/10.1.20]
2026-08-24T17:15:58.057-03:00  INFO 14544 --- [           main] o.a.c.c.C.[Tomcat].[localhost].[/]       : Initializing Spring embedded WebApplicationContext
2026-08-24T17:15:58.059-03:00  INFO 14544 --- [           main] w.s.c.ServletWebServerApplicationContext : Root WebApplicationContext: initialization completed in 2851 ms
2026-08-24T17:16:00.136-03:00  INFO 14544 --- [           main] o.s.b.a.e.web.EndpointLinksResolver      : Exposing 1 endpoint(s) beneath base path '/actuator'
2026-08-24T17:16:00.705-03:00  INFO 14544 --- [           main] o.s.b.w.embedded.tomcat.TomcatWebServer  : Tomcat started on port 59861 (http) with context path ''
2026-08-24T17:16:01.619-03:00  INFO 14544 --- [           main] o.a.c.impl.engine.AbstractCamelContext   : Apache Camel 4.4.1 (sipap-tarea2) is starting
2026-08-24T17:16:02.037-03:00  INFO 14544 --- [           main] o.a.c.impl.engine.AbstractCamelContext   : Routes startup (started:8)
2026-08-24T17:16:02.037-03:00  INFO 14544 --- [           main] o.a.c.impl.engine.AbstractCamelContext   :     Started api-recibir-transferencia (direct://recibirTransferencia)
2026-08-24T17:16:02.037-03:00  INFO 14544 --- [           main] o.a.c.impl.engine.AbstractCamelContext   :     Started route1 (rest://post:/api:/transferencias)
2026-08-24T17:16:02.037-03:00  INFO 14544 --- [           main] o.a.c.impl.engine.AbstractCamelContext   :     Started consumidor-banco-0001 (jms://queue:sipap.banco.0001)
2026-08-24T17:16:02.037-03:00  INFO 14544 --- [           main] o.a.c.impl.engine.AbstractCamelContext   :     Started consumidor-banco-0002 (jms://queue:sipap.banco.0002)
2026-08-24T17:16:02.037-03:00  INFO 14544 --- [           main] o.a.c.impl.engine.AbstractCamelContext   :     Started consumidor-banco-0003 (jms://queue:sipap.banco.0003)
2026-08-24T17:16:02.037-03:00  INFO 14544 --- [           main] o.a.c.impl.engine.AbstractCamelContext   :     Started enrutamiento-a-colas-banco (jms://queue:sipap.transferencias.entrada)
2026-08-24T17:16:02.037-03:00  INFO 14544 --- [           main] o.a.c.impl.engine.AbstractCamelContext   :     Started multicast-envio-banco (direct://enviarAColaBanco)
2026-08-24T17:16:02.038-03:00  INFO 14544 --- [           main] o.a.c.impl.engine.AbstractCamelContext   :     Started multicast-auditoria (direct://auditoria)
2026-08-24T17:16:02.038-03:00  INFO 14544 --- [           main] o.a.c.impl.engine.AbstractCamelContext   : Apache Camel 4.4.1 (sipap-tarea2) started in 416ms (build:0ms init:0ms start:416ms)
2026-08-24T17:16:02.038-03:00  INFO 14544 --- [           main] com.sipap.routes.EndToEndFlowTest        : Started EndToEndFlowTest in 7.363 seconds (process running for 8.97)
2026-08-24T17:16:02.262-03:00  INFO 14544 --- [           main] o.apache.activemq.artemis.core.server    : AMQ221000: Primary message broker is starting with configuration Broker Configuration (clustered=false,journalDirectory=data/journal,bindingsDirectory=data/bindings,largeMessagesDirectory=data/largemessages,pagingDirectory=data/paging)
2026-08-24T17:16:02.274-03:00  INFO 14544 --- [           main] o.apache.activemq.artemis.core.server    : AMQ221045: libaio is not available, switching the configuration into NIO
2026-08-24T17:16:02.339-03:00  INFO 14544 --- [           main] o.apache.activemq.artemis.core.server    : AMQ221057: Global Max Size is being adjusted to 1/2 of the JVM max size (-Xmx). being defined as 2118123520
2026-08-24T17:16:02.390-03:00  INFO 14544 --- [           main] o.apache.activemq.artemis.core.server    : AMQ221043: Protocol module found: [artemis-server]. Adding protocol support for: CORE
2026-08-24T17:16:02.426-03:00  INFO 14544 --- [           main] org.apache.activemq.audit.base           : AMQ601138: User anonymous@unknown is getting notification info on target resource: null
2026-08-24T17:16:02.426-03:00  INFO 14544 --- [           main] org.apache.activemq.audit.base           : AMQ601019: User anonymous@unknown is getting mbean info on target resource: org.apache.activemq.artemis.core.management.impl.ActiveMQServerControlImpl@47b71556
2026-08-24T17:16:02.426-03:00  INFO 14544 --- [           main] org.apache.activemq.audit.base           : AMQ601138: User anonymous@unknown is getting notification info on target resource: ActiveMQServerImpl::name=localhost
2026-08-24T17:16:02.442-03:00  INFO 14544 --- [           main] o.apache.activemq.artemis.core.server    : AMQ224092: Despite disabled persistence, page files will be persisted.
2026-08-24T17:16:02.483-03:00  INFO 14544 --- [           main] org.apache.activemq.audit.base           : AMQ601019: User anonymous@unknown is getting mbean info on target resource: org.apache.activemq.artemis.core.management.impl.AddressControlImpl@c950fd
2026-08-24T17:16:02.503-03:00  INFO 14544 --- [           main] org.apache.activemq.audit.base           : AMQ601019: User anonymous@unknown is getting mbean info on target resource: org.apache.activemq.artemis.core.management.impl.AcceptorControlImpl@773cc551
2026-08-24T17:16:02.507-03:00  INFO 14544 --- [           main] org.apache.activemq.audit.base           : AMQ601019: User anonymous@unknown is getting mbean info on target resource: org.apache.activemq.artemis.core.management.impl.AcceptorControlImpl@6abca7a6
2026-08-24T17:16:02.599-03:00  INFO 14544 --- [           main] o.apache.activemq.artemis.core.server    : AMQ221020: Started NIO Acceptor at localhost:61616 for protocols [CORE]
2026-08-24T17:16:02.602-03:00  INFO 14544 --- [           main] o.apache.activemq.artemis.core.server    : AMQ221007: Server is now active
2026-08-24T17:16:02.602-03:00  INFO 14544 --- [           main] o.apache.activemq.artemis.core.server    : AMQ221001: Apache ActiveMQ Artemis Message Broker version 2.33.0 [localhost, nodeID=a0bc0b46-9ff8-11f1-9bab-0a002700000d] 
2026-08-24T17:16:04.669-03:00  INFO 14544 --- [o-auto-1-exec-1] o.a.c.c.C.[Tomcat].[localhost].[/]       : Initializing Spring DispatcherServlet 'dispatcherServlet'
2026-08-24T17:16:04.669-03:00  INFO 14544 --- [o-auto-1-exec-1] o.s.web.servlet.DispatcherServlet        : Initializing Servlet 'dispatcherServlet'
2026-08-24T17:16:04.672-03:00  INFO 14544 --- [o-auto-1-exec-1] o.s.web.servlet.DispatcherServlet        : Completed initialization in 3 ms
2026-08-24T17:16:04.754-03:00  INFO 14544 --- [o-auto-1-exec-1] api-recibir-transferencia                : Nueva petición recibida: {"id_transaccion":"TX-E2E-003","fecha_transaccion":"2026-08-24","qr":"00020101021126080004000153036005802PY5913COMERCIO DEMO6008ASUNCION62210517PAGO-SERVICIO-0016304ABCD","monto":"10"}
2026-08-24T17:16:04.846-03:00  INFO 14544 --- [o-auto-1-exec-1] api-recibir-transferencia                : Transferencia válida. Publicando en Artemis. id=TX-E2E-003
2026-08-24T17:16:04.990-03:00  INFO 14544 --- [-netty-threads)] org.apache.activemq.audit.resource       : AMQ601767: CORE connection 58fc28fc for user unknown@127.0.0.1:59873 created
2026-08-24T17:16:05.012-03:00  INFO 14544 --- [mpl$6@58cd6088)] org.apache.activemq.audit.base           : AMQ601267: User anonymous@127.0.0.1:59873 is creating a core session on target resource ActiveMQServerImpl::name=localhost with parameters: [a25f8219-9ff8-11f1-9bab-0a002700000d, artemis, ****, 102400, RemotingConnectionImpl [ID=58fc28fc, clientID=null, nodeID=a0bc0b46-9ff8-11f1-9bab-0a002700000d, transportConnection=org.apache.activemq.artemis.core.remoting.impl.netty.NettyServerConnection@856cde2[ID=58fc28fc, local= /127.0.0.1:61616, remote=/127.0.0.1:59873]], false, false, false, false, null, org.apache.activemq.artemis.core.protocol.core.impl.CoreSessionCallback@6b87bbfa, true, {}]
2026-08-24T17:16:05.055-03:00  INFO 14544 --- [mpl$6@58cd6088)] org.apache.activemq.audit.base           : AMQ601267: User anonymous@127.0.0.1:59873 is creating a core session on target resource ActiveMQServerImpl::name=localhost with parameters: [a266d51a-9ff8-11f1-9bab-0a002700000d, artemis, ****, 102400, RemotingConnectionImpl [ID=58fc28fc, clientID=null, nodeID=a0bc0b46-9ff8-11f1-9bab-0a002700000d, transportConnection=org.apache.activemq.artemis.core.remoting.impl.netty.NettyServerConnection@856cde2[ID=58fc28fc, local= /127.0.0.1:61616, remote=/127.0.0.1:59873]], true, true, false, false, null, org.apache.activemq.artemis.core.protocol.core.impl.CoreSessionCallback@76ccd7d9, true, {}]
2026-08-24T17:16:05.089-03:00  INFO 14544 --- [mpl$6@58cd6088)] org.apache.activemq.audit.base           : AMQ601262: User anonymous@127.0.0.1:59873 is creating address on target resource: a266d51a-9ff8-11f1-9bab-0a002700000d with parameters: [sipap.transferencias.entrada, [ANYCAST], true]
2026-08-24T17:16:05.091-03:00  INFO 14544 --- [mpl$6@58cd6088)] org.apache.activemq.audit.base           : AMQ601019: User anonymous@127.0.0.1:59873 is getting mbean info on target resource: org.apache.activemq.artemis.core.management.impl.AddressControlImpl@7d165575
2026-08-24T17:16:05.115-03:00  INFO 14544 --- [mpl$6@58cd6088)] org.apache.activemq.audit.resource       : AMQ601065: User anonymous@127.0.0.1:59873 is creating a queue on target resource: ServerSessionImpl() with parameters: [QueueConfiguration [id=null, name=sipap.transferencias.entrada, address=sipap.transferencias.entrada, routingType=ANYCAST, filterString=null, durable=true, user=null, maxConsumers=-1, exclusive=null, groupRebalance=null, groupRebalancePauseDispatch=null, groupBuckets=null, groupFirstKey=null, lastValue=null, lastValueKey=null, nonDestructive=null, purgeOnNoConsumers=false, enabled=null, consumersBeforeDispatch=null, delayBeforeDispatch=null, consumerPriority=null, autoDelete=null, autoDeleteDelay=null, autoDeleteMessageCount=null, ringSize=null, configurationManaged=null, temporary=false, autoCreateAddress=null, internal=null, transient=null, autoCreated=true, fqqn=null]]
2026-08-24T17:16:05.184-03:00  WARN 14544 --- [mpl$6@58cd6088)] o.apache.activemq.artemis.core.server    : AMQ222165: No Dead Letter Address configured for queue sipap.transferencias.entrada in AddressSettings
2026-08-24T17:16:05.184-03:00  WARN 14544 --- [mpl$6@58cd6088)] o.apache.activemq.artemis.core.server    : AMQ222166: No Expiry Address configured for queue sipap.transferencias.entrada in AddressSettings
2026-08-24T17:16:05.209-03:00  INFO 14544 --- [mpl$6@58cd6088)] org.apache.activemq.audit.base           : AMQ601019: User anonymous@127.0.0.1:59873 is getting mbean info on target resource: org.apache.activemq.artemis.core.management.impl.QueueControlImpl@44262db1
2026-08-24T17:16:05.251-03:00  INFO 14544 --- [mpl$6@58cd6088)] org.apache.activemq.audit.message        : AMQ601500: User anonymous@127.0.0.1:59873 sent a message CoreMessage[messageID=9, durable=true, userID=a281b01d-9ff8-11f1-9bab-0a002700000d, priority=4, timestamp=Mon Aug 24 17:16:05 PYT 2026, expiration=0, durable=true, address=sipap.transferencias.entrada, size=1738, properties=TypedProperties[CamelHttpCharacterEncoding=UTF-8, _AMQ_ROUTING_TYPE=1, connection=keep-alive, accept=text/plain, application/json, application/*+json, */*, JMSCorrelationID=TX-E2E-003, idTransaccion=TX-E2E-003, CamelHttpUri=/api/transferencias, __AMQ_CID=a25f8218-9ff8-11f1-9bab-0a002700000d, CamelHttpMethod=POST, entidadFinancieraDestino=0001, CamelHttpUrl=http://localhost:59861/api/transferencias, user_HYPHEN_agent=Apache-HttpClient/5.2.3 (Java/17.0.16), Content_HYPHEN_Type=application/json, host=localhost:59861, accept_HYPHEN_encoding=gzip, x-gzip, deflate, content_HYPHEN_length=184, CamelHttpPath=, CamelPlatformHttpContextPath=/api/transferencias]]@647846640, context: RoutingContextImpl(Address=sipap.transferencias.entrada, routingType=ANYCAST, PreviousAddress=sipap.transferencias.entrada previousRoute:ANYCAST, reusable=true, version=-2147483647)
..................................................
***** durable queues sipap.transferencias.entrada:
- queueID=6 address:sipap.transferencias.entrada name:sipap.transferencias.entrada filter:null
***** non durable for sipap.transferencias.entrada:
..................................................
, transaction: null
2026-08-24T17:16:05.269-03:00  INFO 14544 --- [lhost-49820775)] org.apache.activemq.audit.resource       : AMQ601768: CORE connection 58fc28fc for user anonymous@127.0.0.1:59873 destroyed
2026-08-24T17:16:05.314-03:00  INFO 14544 --- [o-auto-1-exec-2] api-recibir-transferencia                : Nueva petición recibida: {"id_transaccion":"TX-E2E-003","fecha_transaccion":"2026-08-24","qr":"00020101021126080004000153036005802PY5913COMERCIO DEMO6008ASUNCION62210517PAGO-SERVICIO-0016304ABCD","monto":"10"}
2026-08-24T17:16:05.316-03:00  INFO 14544 --- [o-auto-1-exec-2] api-recibir-transferencia                : Transferencia válida. Publicando en Artemis. id=TX-E2E-003
2026-08-24T17:16:05.324-03:00  INFO 14544 --- [-netty-threads)] org.apache.activemq.audit.resource       : AMQ601767: CORE connection 9dd920b4 for user unknown@127.0.0.1:59875 created
2026-08-24T17:16:05.328-03:00  INFO 14544 --- [mpl$6@58cd6088)] org.apache.activemq.audit.base           : AMQ601267: User anonymous@127.0.0.1:59875 is creating a core session on target resource ActiveMQServerImpl::name=localhost with parameters: [a2902f10-9ff8-11f1-9bab-0a002700000d, artemis, ****, 102400, RemotingConnectionImpl [ID=9dd920b4, clientID=null, nodeID=a0bc0b46-9ff8-11f1-9bab-0a002700000d, transportConnection=org.apache.activemq.artemis.core.remoting.impl.netty.NettyServerConnection@71f496f8[ID=9dd920b4, local= /127.0.0.1:61616, remote=/127.0.0.1:59875]], false, false, false, false, null, org.apache.activemq.artemis.core.protocol.core.impl.CoreSessionCallback@61bacb45, true, {}]
2026-08-24T17:16:05.333-03:00  INFO 14544 --- [mpl$6@58cd6088)] org.apache.activemq.audit.base           : AMQ601267: User anonymous@127.0.0.1:59875 is creating a core session on target resource ActiveMQServerImpl::name=localhost with parameters: [a2911971-9ff8-11f1-9bab-0a002700000d, artemis, ****, 102400, RemotingConnectionImpl [ID=9dd920b4, clientID=null, nodeID=a0bc0b46-9ff8-11f1-9bab-0a002700000d, transportConnection=org.apache.activemq.artemis.core.remoting.impl.netty.NettyServerConnection@71f496f8[ID=9dd920b4, local= /127.0.0.1:61616, remote=/127.0.0.1:59875]], true, true, false, false, null, org.apache.activemq.artemis.core.protocol.core.impl.CoreSessionCallback@522fbfba, true, {}]
2026-08-24T17:16:05.341-03:00  INFO 14544 --- [mpl$6@58cd6088)] org.apache.activemq.audit.message        : AMQ601500: User anonymous@127.0.0.1:59875 sent a message CoreMessage[messageID=18, durable=true, userID=a2922ae3-9ff8-11f1-9bab-0a002700000d, priority=4, timestamp=Mon Aug 24 17:16:05 PYT 2026, expiration=0, durable=true, address=sipap.transferencias.entrada, size=1738, properties=TypedProperties[CamelHttpCharacterEncoding=UTF-8, _AMQ_ROUTING_TYPE=1, connection=keep-alive, accept=text/plain, application/json, application/*+json, */*, JMSCorrelationID=TX-E2E-003, idTransaccion=TX-E2E-003, CamelHttpUri=/api/transferencias, __AMQ_CID=a2902f0f-9ff8-11f1-9bab-0a002700000d, CamelHttpMethod=POST, entidadFinancieraDestino=0001, CamelHttpUrl=http://localhost:59861/api/transferencias, user_HYPHEN_agent=Apache-HttpClient/5.2.3 (Java/17.0.16), Content_HYPHEN_Type=application/json, host=localhost:59861, accept_HYPHEN_encoding=gzip, x-gzip, deflate, content_HYPHEN_length=184, CamelHttpPath=, CamelPlatformHttpContextPath=/api/transferencias]]@820945680, context: RoutingContextImpl(Address=sipap.transferencias.entrada, routingType=ANYCAST, PreviousAddress=sipap.transferencias.entrada previousRoute:ANYCAST, reusable=true, version=-2147483647)
..................................................
***** durable queues sipap.transferencias.entrada:
- queueID=6 address:sipap.transferencias.entrada name:sipap.transferencias.entrada filter:null
***** non durable for sipap.transferencias.entrada:
..................................................
, transaction: null
2026-08-24T17:16:05.346-03:00  INFO 14544 --- [lhost-49820775)] org.apache.activemq.audit.resource       : AMQ601768: CORE connection 9dd920b4 for user anonymous@127.0.0.1:59875 destroyed
2026-08-24T17:16:07.051-03:00  INFO 14544 --- [-netty-threads)] org.apache.activemq.audit.resource       : AMQ601767: CORE connection 82d03bd8 for user unknown@127.0.0.1:59880 created
2026-08-24T17:16:07.053-03:00  INFO 14544 --- [mpl$6@58cd6088)] org.apache.activemq.audit.base           : AMQ601267: User anonymous@127.0.0.1:59880 is creating a core session on target resource ActiveMQServerImpl::name=localhost with parameters: [a3978cf6-9ff8-11f1-9bab-0a002700000d, artemis, ****, 102400, RemotingConnectionImpl [ID=82d03bd8, clientID=null, nodeID=a0bc0b46-9ff8-11f1-9bab-0a002700000d, transportConnection=org.apache.activemq.artemis.core.remoting.impl.netty.NettyServerConnection@618cb73e[ID=82d03bd8, local= /127.0.0.1:61616, remote=/127.0.0.1:59880]], false, false, false, false, null, org.apache.activemq.artemis.core.protocol.core.impl.CoreSessionCallback@4e7106da, true, {}]
2026-08-24T17:16:07.058-03:00  INFO 14544 --- [mpl$6@58cd6088)] org.apache.activemq.audit.base           : AMQ601267: User anonymous@127.0.0.1:59880 is creating a core session on target resource ActiveMQServerImpl::name=localhost with parameters: [a3982937-9ff8-11f1-9bab-0a002700000d, artemis, ****, 102400, RemotingConnectionImpl [ID=82d03bd8, clientID=null, nodeID=a0bc0b46-9ff8-11f1-9bab-0a002700000d, transportConnection=org.apache.activemq.artemis.core.remoting.impl.netty.NettyServerConnection@618cb73e[ID=82d03bd8, local= /127.0.0.1:61616, remote=/127.0.0.1:59880]], true, true, false, false, null, org.apache.activemq.artemis.core.protocol.core.impl.CoreSessionCallback@4133d9ce, true, {}]
2026-08-24T17:16:07.058-03:00  INFO 14544 --- [-netty-threads)] org.apache.activemq.audit.resource       : AMQ601767: CORE connection 0e790124 for user unknown@127.0.0.1:59881 created
2026-08-24T17:16:07.061-03:00  INFO 14544 --- [mpl$6@58cd6088)] org.apache.activemq.audit.base           : AMQ601267: User anonymous@127.0.0.1:59881 is creating a core session on target resource ActiveMQServerImpl::name=localhost with parameters: [a398c57a-9ff8-11f1-9bab-0a002700000d, artemis, ****, 102400, RemotingConnectionImpl [ID=0e790124, clientID=null, nodeID=a0bc0b46-9ff8-11f1-9bab-0a002700000d, transportConnection=org.apache.activemq.artemis.core.remoting.impl.netty.NettyServerConnection@112111b9[ID=0e790124, local= /127.0.0.1:61616, remote=/127.0.0.1:59881]], false, false, false, false, null, org.apache.activemq.artemis.core.protocol.core.impl.CoreSessionCallback@71a486e2, true, {}]
2026-08-24T17:16:07.066-03:00  INFO 14544 --- [mpl$6@58cd6088)] org.apache.activemq.audit.base           : AMQ601267: User anonymous@127.0.0.1:59881 is creating a core session on target resource ActiveMQServerImpl::name=localhost with parameters: [a39961bb-9ff8-11f1-9bab-0a002700000d, artemis, ****, 102400, RemotingConnectionImpl [ID=0e790124, clientID=null, nodeID=a0bc0b46-9ff8-11f1-9bab-0a002700000d, transportConnection=org.apache.activemq.artemis.core.remoting.impl.netty.NettyServerConnection@112111b9[ID=0e790124, local= /127.0.0.1:61616, remote=/127.0.0.1:59881]], true, true, false, false, null, org.apache.activemq.artemis.core.protocol.core.impl.CoreSessionCallback@3833a3d, true, {}]
2026-08-24T17:16:07.067-03:00  INFO 14544 --- [mpl$6@58cd6088)] org.apache.activemq.audit.base           : AMQ601265: User anonymous@127.0.0.1:59880 is creating a core consumer on target resource ServerSessionImpl() with parameters: [0, sipap.transferencias.entrada, null, 0, false, true, null]
2026-08-24T17:16:07.068-03:00  INFO 14544 --- [-netty-threads)] org.apache.activemq.audit.resource       : AMQ601767: CORE connection 406496ca for user unknown@127.0.0.1:59882 created
2026-08-24T17:16:07.070-03:00  INFO 14544 --- [mpl$6@58cd6088)] org.apache.activemq.audit.resource       : AMQ601065: User anonymous@127.0.0.1:59881 is creating a queue on target resource: ServerSessionImpl() with parameters: [QueueConfiguration [id=null, name=sipap.banco.0001, address=sipap.banco.0001, routingType=ANYCAST, filterString=null, durable=true, user=null, maxConsumers=-1, exclusive=null, groupRebalance=null, groupRebalancePauseDispatch=null, groupBuckets=null, groupFirstKey=null, lastValue=null, lastValueKey=null, nonDestructive=null, purgeOnNoConsumers=false, enabled=null, consumersBeforeDispatch=null, delayBeforeDispatch=null, consumerPriority=null, autoDelete=null, autoDeleteDelay=null, autoDeleteMessageCount=null, ringSize=null, configurationManaged=null, temporary=false, autoCreateAddress=null, internal=null, transient=null, autoCreated=true, fqqn=null]]
2026-08-24T17:16:07.071-03:00  INFO 14544 --- [mpl$6@58cd6088)] org.apache.activemq.audit.base           : AMQ601019: User anonymous@127.0.0.1:59881 is getting mbean info on target resource: org.apache.activemq.artemis.core.management.impl.AddressControlImpl@58c669df
2026-08-24T17:16:07.072-03:00  WARN 14544 --- [mpl$6@58cd6088)] o.apache.activemq.artemis.core.server    : AMQ222165: No Dead Letter Address configured for queue sipap.banco.0001 in AddressSettings
2026-08-24T17:16:07.072-03:00  WARN 14544 --- [mpl$6@58cd6088)] o.apache.activemq.artemis.core.server    : AMQ222166: No Expiry Address configured for queue sipap.banco.0001 in AddressSettings
2026-08-24T17:16:07.072-03:00  INFO 14544 --- [mpl$6@58cd6088)] org.apache.activemq.audit.base           : AMQ601019: User anonymous@127.0.0.1:59881 is getting mbean info on target resource: org.apache.activemq.artemis.core.management.impl.QueueControlImpl@888d76d
2026-08-24T17:16:07.074-03:00  INFO 14544 --- [mpl$6@58cd6088)] org.apache.activemq.audit.base           : AMQ601265: User anonymous@127.0.0.1:59881 is creating a core consumer on target resource ServerSessionImpl() with parameters: [0, sipap.banco.0001, null, 0, false, true, null]
2026-08-24T17:16:07.078-03:00  INFO 14544 --- [mpl$6@58cd6088)] org.apache.activemq.audit.base           : AMQ601267: User anonymous@127.0.0.1:59882 is creating a core session on target resource ActiveMQServerImpl::name=localhost with parameters: [a39a732e-9ff8-11f1-9bab-0a002700000d, artemis, ****, 102400, RemotingConnectionImpl [ID=406496ca, clientID=null, nodeID=a0bc0b46-9ff8-11f1-9bab-0a002700000d, transportConnection=org.apache.activemq.artemis.core.remoting.impl.netty.NettyServerConnection@3be7d02a[ID=406496ca, local= /127.0.0.1:61616, remote=/127.0.0.1:59882]], false, false, false, false, null, org.apache.activemq.artemis.core.protocol.core.impl.CoreSessionCallback@35202926, true, {}]
2026-08-24T17:16:07.099-03:00  INFO 14544 --- [mpl$6@58cd6088)] org.apache.activemq.audit.base           : AMQ601267: User anonymous@127.0.0.1:59882 is creating a core session on target resource ActiveMQServerImpl::name=localhost with parameters: [a39e91e0-9ff8-11f1-9bab-0a002700000d, artemis, ****, 102400, RemotingConnectionImpl [ID=406496ca, clientID=null, nodeID=a0bc0b46-9ff8-11f1-9bab-0a002700000d, transportConnection=org.apache.activemq.artemis.core.remoting.impl.netty.NettyServerConnection@3be7d02a[ID=406496ca, local= /127.0.0.1:61616, remote=/127.0.0.1:59882]], true, true, false, false, null, org.apache.activemq.artemis.core.protocol.core.impl.CoreSessionCallback@733070e6, true, {}]
2026-08-24T17:16:07.101-03:00  INFO 14544 --- [-netty-threads)] org.apache.activemq.audit.resource       : AMQ601767: CORE connection 66fb9b00 for user unknown@127.0.0.1:59883 created
2026-08-24T17:16:07.106-03:00  INFO 14544 --- [mpl$6@58cd6088)] org.apache.activemq.audit.resource       : AMQ601065: User anonymous@127.0.0.1:59882 is creating a queue on target resource: ServerSessionImpl() with parameters: [QueueConfiguration [id=null, name=sipap.banco.0003, address=sipap.banco.0003, routingType=ANYCAST, filterString=null, durable=true, user=null, maxConsumers=-1, exclusive=null, groupRebalance=null, groupRebalancePauseDispatch=null, groupBuckets=null, groupFirstKey=null, lastValue=null, lastValueKey=null, nonDestructive=null, purgeOnNoConsumers=false, enabled=null, consumersBeforeDispatch=null, delayBeforeDispatch=null, consumerPriority=null, autoDelete=null, autoDeleteDelay=null, autoDeleteMessageCount=null, ringSize=null, configurationManaged=null, temporary=false, autoCreateAddress=null, internal=null, transient=null, autoCreated=true, fqqn=null]]
2026-08-24T17:16:07.106-03:00  INFO 14544 --- [mpl$6@58cd6088)] org.apache.activemq.audit.base           : AMQ601267: User anonymous@127.0.0.1:59883 is creating a core session on target resource ActiveMQServerImpl::name=localhost with parameters: [a39fca63-9ff8-11f1-9bab-0a002700000d, artemis, ****, 102400, RemotingConnectionImpl [ID=66fb9b00, clientID=null, nodeID=a0bc0b46-9ff8-11f1-9bab-0a002700000d, transportConnection=org.apache.activemq.artemis.core.remoting.impl.netty.NettyServerConnection@5cf00315[ID=66fb9b00, local= /127.0.0.1:61616, remote=/127.0.0.1:59883]], false, false, false, false, null, org.apache.activemq.artemis.core.protocol.core.impl.CoreSessionCallback@648ca7ac, true, {}]
2026-08-24T17:16:07.106-03:00  INFO 14544 --- [mpl$6@58cd6088)] org.apache.activemq.audit.base           : AMQ601019: User anonymous@127.0.0.1:59882 is getting mbean info on target resource: org.apache.activemq.artemis.core.management.impl.AddressControlImpl@741d231d
2026-08-24T17:16:07.109-03:00  WARN 14544 --- [mpl$6@58cd6088)] o.apache.activemq.artemis.core.server    : AMQ222165: No Dead Letter Address configured for queue sipap.banco.0003 in AddressSettings
2026-08-24T17:16:07.109-03:00  WARN 14544 --- [mpl$6@58cd6088)] o.apache.activemq.artemis.core.server    : AMQ222166: No Expiry Address configured for queue sipap.banco.0003 in AddressSettings
2026-08-24T17:16:07.109-03:00  INFO 14544 --- [mpl$6@58cd6088)] org.apache.activemq.audit.base           : AMQ601019: User anonymous@127.0.0.1:59882 is getting mbean info on target resource: org.apache.activemq.artemis.core.management.impl.QueueControlImpl@717edb34
2026-08-24T17:16:07.111-03:00  INFO 14544 --- [mpl$6@58cd6088)] org.apache.activemq.audit.base           : AMQ601265: User anonymous@127.0.0.1:59882 is creating a core consumer on target resource ServerSessionImpl() with parameters: [0, sipap.banco.0003, null, 0, false, true, null]
2026-08-24T17:16:07.118-03:00  INFO 14544 --- [mpl$6@58cd6088)] org.apache.activemq.audit.message        : AMQ601501: User anonymous@127.0.0.1:59880 is consuming a message from sipap.transferencias.entrada: Reference[9]:RELIABLE:CoreMessage[messageID=9, durable=true, userID=a281b01d-9ff8-11f1-9bab-0a002700000d, priority=4, timestamp=Mon Aug 24 17:16:05 PYT 2026, expiration=0, durable=true, address=sipap.transferencias.entrada, size=1738, properties=TypedProperties[CamelHttpCharacterEncoding=UTF-8, _AMQ_ROUTING_TYPE=1, connection=keep-alive, accept=text/plain, application/json, application/*+json, */*, JMSCorrelationID=TX-E2E-003, idTransaccion=TX-E2E-003, CamelHttpUri=/api/transferencias, __AMQ_CID=a25f8218-9ff8-11f1-9bab-0a002700000d, CamelHttpMethod=POST, entidadFinancieraDestino=0001, CamelHttpUrl=http://localhost:59861/api/transferencias, user_HYPHEN_agent=Apache-HttpClient/5.2.3 (Java/17.0.16), Content_HYPHEN_Type=application/json, host=localhost:59861, accept_HYPHEN_encoding=gzip, x-gzip, deflate, content_HYPHEN_length=184, CamelHttpPath=, CamelPlatformHttpContextPath=/api/transferencias]]@647846640
2026-08-24T17:16:07.120-03:00  INFO 14544 --- [mpl$6@58cd6088)] org.apache.activemq.audit.base           : AMQ601267: User anonymous@127.0.0.1:59883 is creating a core session on target resource ActiveMQServerImpl::name=localhost with parameters: [a3a15105-9ff8-11f1-9bab-0a002700000d, artemis, ****, 102400, RemotingConnectionImpl [ID=66fb9b00, clientID=null, nodeID=a0bc0b46-9ff8-11f1-9bab-0a002700000d, transportConnection=org.apache.activemq.artemis.core.remoting.impl.netty.NettyServerConnection@5cf00315[ID=66fb9b00, local= /127.0.0.1:61616, remote=/127.0.0.1:59883]], true, true, false, false, null, org.apache.activemq.artemis.core.protocol.core.impl.CoreSessionCallback@3877982b, true, {}]
2026-08-24T17:16:07.121-03:00  INFO 14544 --- [mpl$6@58cd6088)] org.apache.activemq.audit.message        : AMQ601501: User anonymous@127.0.0.1:59880 is consuming a message from sipap.transferencias.entrada: Reference[18]:RELIABLE:CoreMessage[messageID=18, durable=true, userID=a2922ae3-9ff8-11f1-9bab-0a002700000d, priority=4, timestamp=Mon Aug 24 17:16:05 PYT 2026, expiration=0, durable=true, address=sipap.transferencias.entrada, size=1738, properties=TypedProperties[CamelHttpCharacterEncoding=UTF-8, _AMQ_ROUTING_TYPE=1, connection=keep-alive, accept=text/plain, application/json, application/*+json, */*, JMSCorrelationID=TX-E2E-003, idTransaccion=TX-E2E-003, CamelHttpUri=/api/transferencias, __AMQ_CID=a2902f0f-9ff8-11f1-9bab-0a002700000d, CamelHttpMethod=POST, entidadFinancieraDestino=0001, CamelHttpUrl=http://localhost:59861/api/transferencias, user_HYPHEN_agent=Apache-HttpClient/5.2.3 (Java/17.0.16), Content_HYPHEN_Type=application/json, host=localhost:59861, accept_HYPHEN_encoding=gzip, x-gzip, deflate, content_HYPHEN_length=184, CamelHttpPath=, CamelPlatformHttpContextPath=/api/transferencias]]@820945680
2026-08-24T17:16:07.131-03:00  INFO 14544 --- [mpl$6@58cd6088)] org.apache.activemq.audit.resource       : AMQ601065: User anonymous@127.0.0.1:59883 is creating a queue on target resource: ServerSessionImpl() with parameters: [QueueConfiguration [id=null, name=sipap.banco.0002, address=sipap.banco.0002, routingType=ANYCAST, filterString=null, durable=true, user=null, maxConsumers=-1, exclusive=null, groupRebalance=null, groupRebalancePauseDispatch=null, groupBuckets=null, groupFirstKey=null, lastValue=null, lastValueKey=null, nonDestructive=null, purgeOnNoConsumers=false, enabled=null, consumersBeforeDispatch=null, delayBeforeDispatch=null, consumerPriority=null, autoDelete=null, autoDeleteDelay=null, autoDeleteMessageCount=null, ringSize=null, configurationManaged=null, temporary=false, autoCreateAddress=null, internal=null, transient=null, autoCreated=true, fqqn=null]]
2026-08-24T17:16:07.131-03:00  INFO 14544 --- [mpl$6@58cd6088)] org.apache.activemq.audit.base           : AMQ601019: User anonymous@127.0.0.1:59883 is getting mbean info on target resource: org.apache.activemq.artemis.core.management.impl.AddressControlImpl@51d62bf3
2026-08-24T17:16:07.133-03:00  WARN 14544 --- [mpl$6@58cd6088)] o.apache.activemq.artemis.core.server    : AMQ222165: No Dead Letter Address configured for queue sipap.banco.0002 in AddressSettings
2026-08-24T17:16:07.133-03:00  WARN 14544 --- [mpl$6@58cd6088)] o.apache.activemq.artemis.core.server    : AMQ222166: No Expiry Address configured for queue sipap.banco.0002 in AddressSettings
2026-08-24T17:16:07.133-03:00  INFO 14544 --- [mpl$6@58cd6088)] org.apache.activemq.audit.base           : AMQ601019: User anonymous@127.0.0.1:59883 is getting mbean info on target resource: org.apache.activemq.artemis.core.management.impl.QueueControlImpl@476e6037
2026-08-24T17:16:07.136-03:00  INFO 14544 --- [mpl$6@58cd6088)] org.apache.activemq.audit.base           : AMQ601265: User anonymous@127.0.0.1:59883 is creating a core consumer on target resource ServerSessionImpl() with parameters: [0, sipap.banco.0002, null, 0, false, true, null]
2026-08-24T17:16:07.139-03:00  INFO 14544 --- [-netty-threads)] org.apache.activemq.audit.resource       : AMQ601767: CORE connection 4d7a4047 for user unknown@127.0.0.1:59884 created
2026-08-24T17:16:07.142-03:00  INFO 14544 --- [mpl$6@58cd6088)] org.apache.activemq.audit.message        : AMQ601759: User anonymous@127.0.0.1:59880 added acknowledgement of a message from sipap.transferencias.entrada: CoreMessage[messageID=9, durable=true, userID=a281b01d-9ff8-11f1-9bab-0a002700000d, priority=4, timestamp=Mon Aug 24 17:16:05 PYT 2026, expiration=0, durable=true, address=sipap.transferencias.entrada, size=1738, properties=TypedProperties[CamelHttpCharacterEncoding=UTF-8, _AMQ_ROUTING_TYPE=1, connection=keep-alive, accept=text/plain, application/json, application/*+json, */*, JMSCorrelationID=TX-E2E-003, idTransaccion=TX-E2E-003, CamelHttpUri=/api/transferencias, __AMQ_CID=a25f8218-9ff8-11f1-9bab-0a002700000d, CamelHttpMethod=POST, entidadFinancieraDestino=0001, CamelHttpUrl=http://localhost:59861/api/transferencias, user_HYPHEN_agent=Apache-HttpClient/5.2.3 (Java/17.0.16), Content_HYPHEN_Type=application/json, host=localhost:59861, accept_HYPHEN_encoding=gzip, x-gzip, deflate, content_HYPHEN_length=184, CamelHttpPath=, CamelPlatformHttpContextPath=/api/transferencias]]@647846640 to transaction: TransactionImpl [xid=null, txID=53, xid=null, state=ACTIVE, createTime=1787602567124(Mon Aug 24 17:16:07 PYT 2026), timeoutSeconds=-1, nr operations = 1]@3f959616
2026-08-24T17:16:07.143-03:00  INFO 14544 --- [mpl$6@58cd6088)] org.apache.activemq.audit.base           : AMQ601267: User anonymous@127.0.0.1:59884 is creating a core session on target resource ActiveMQServerImpl::name=localhost with parameters: [a3a548a9-9ff8-11f1-9bab-0a002700000d, artemis, ****, 102400, RemotingConnectionImpl [ID=4d7a4047, clientID=null, nodeID=a0bc0b46-9ff8-11f1-9bab-0a002700000d, transportConnection=org.apache.activemq.artemis.core.remoting.impl.netty.NettyServerConnection@43c5d1ec[ID=4d7a4047, local= /127.0.0.1:61616, remote=/127.0.0.1:59884]], false, false, false, false, null, org.apache.activemq.artemis.core.protocol.core.impl.CoreSessionCallback@605d7075, true, {}]
2026-08-24T17:16:07.144-03:00  INFO 14544 --- [mpl$6@58cd6088)] org.apache.activemq.audit.message        : AMQ601502: User anonymous@127.0.0.1:59880 acknowledged message from sipap.transferencias.entrada: CoreMessage[messageID=9, durable=true, userID=a281b01d-9ff8-11f1-9bab-0a002700000d, priority=4, timestamp=Mon Aug 24 17:16:05 PYT 2026, expiration=0, durable=true, address=sipap.transferencias.entrada, size=1738, properties=TypedProperties[CamelHttpCharacterEncoding=UTF-8, _AMQ_ROUTING_TYPE=1, connection=keep-alive, accept=text/plain, application/json, application/*+json, */*, JMSCorrelationID=TX-E2E-003, idTransaccion=TX-E2E-003, CamelHttpUri=/api/transferencias, __AMQ_CID=a25f8218-9ff8-11f1-9bab-0a002700000d, CamelHttpMethod=POST, entidadFinancieraDestino=0001, CamelHttpUrl=http://localhost:59861/api/transferencias, user_HYPHEN_agent=Apache-HttpClient/5.2.3 (Java/17.0.16), Content_HYPHEN_Type=application/json, host=localhost:59861, accept_HYPHEN_encoding=gzip, x-gzip, deflate, content_HYPHEN_length=184, CamelHttpPath=, CamelPlatformHttpContextPath=/api/transferencias]]@647846640, transaction: TransactionImpl [xid=null, txID=53, xid=null, state=COMMITTED, createTime=1787602567124(Mon Aug 24 17:16:07 PYT 2026), timeoutSeconds=-1, nr operations = 0]@3f959616
2026-08-24T17:16:07.146-03:00  INFO 14544 --- [mpl$6@58cd6088)] org.apache.activemq.audit.base           : AMQ601267: User anonymous@127.0.0.1:59884 is creating a core session on target resource ActiveMQServerImpl::name=localhost with parameters: [a3a5e4ea-9ff8-11f1-9bab-0a002700000d, artemis, ****, 102400, RemotingConnectionImpl [ID=4d7a4047, clientID=null, nodeID=a0bc0b46-9ff8-11f1-9bab-0a002700000d, transportConnection=org.apache.activemq.artemis.core.remoting.impl.netty.NettyServerConnection@43c5d1ec[ID=4d7a4047, local= /127.0.0.1:61616, remote=/127.0.0.1:59884]], true, true, false, false, null, org.apache.activemq.artemis.core.protocol.core.impl.CoreSessionCallback@65f3a668, true, {}]
2026-08-24T17:16:07.152-03:00  INFO 14544 --- [encias.entrada]] enrutamiento-a-colas-banco               : Enrutando transferencia id=TX-E2E-003 a entidad=0001
2026-08-24T17:16:07.170-03:00  INFO 14544 --- [-netty-threads)] org.apache.activemq.audit.resource       : AMQ601767: CORE connection 2b087e7a for user unknown@127.0.0.1:59885 created
2026-08-24T17:16:07.173-03:00  INFO 14544 --- [mpl$6@58cd6088)] org.apache.activemq.audit.base           : AMQ601267: User anonymous@127.0.0.1:59885 is creating a core session on target resource ActiveMQServerImpl::name=localhost with parameters: [a3a98e6d-9ff8-11f1-9bab-0a002700000d, artemis, ****, 102400, RemotingConnectionImpl [ID=2b087e7a, clientID=null, nodeID=a0bc0b46-9ff8-11f1-9bab-0a002700000d, transportConnection=org.apache.activemq.artemis.core.remoting.impl.netty.NettyServerConnection@794dc99d[ID=2b087e7a, local= /127.0.0.1:61616, remote=/127.0.0.1:59885]], false, false, false, false, null, org.apache.activemq.artemis.core.protocol.core.impl.CoreSessionCallback@1411d1a8, true, {}]
2026-08-24T17:16:07.179-03:00  INFO 14544 --- [mpl$6@58cd6088)] org.apache.activemq.audit.base           : AMQ601267: User anonymous@127.0.0.1:59885 is creating a core session on target resource ActiveMQServerImpl::name=localhost with parameters: [a3aa78ce-9ff8-11f1-9bab-0a002700000d, artemis, ****, 102400, RemotingConnectionImpl [ID=2b087e7a, clientID=null, nodeID=a0bc0b46-9ff8-11f1-9bab-0a002700000d, transportConnection=org.apache.activemq.artemis.core.remoting.impl.netty.NettyServerConnection@794dc99d[ID=2b087e7a, local= /127.0.0.1:61616, remote=/127.0.0.1:59885]], true, true, false, false, null, org.apache.activemq.artemis.core.protocol.core.impl.CoreSessionCallback@419820db, true, {}]
2026-08-24T17:16:07.188-03:00  INFO 14544 --- [mpl$6@58cd6088)] org.apache.activemq.audit.message        : AMQ601501: User anonymous@127.0.0.1:59881 is consuming a message from sipap.banco.0001: Reference[68]:RELIABLE:CoreMessage[messageID=68, durable=true, userID=a3abd85f-9ff8-11f1-9bab-0a002700000d, priority=4, timestamp=Mon Aug 24 17:16:07 PYT 2026, expiration=0, durable=true, address=sipap.banco.0001, size=1818, properties=TypedProperties[CamelHttpCharacterEncoding=UTF-8, _AMQ_ROUTING_TYPE=1, connection=keep-alive, accept=text/plain, application/json, application/*+json, */*, JMSCorrelationID=TX-E2E-003, CamelJmsDeliveryMode=2, idTransaccion=TX-E2E-003, CamelHttpUri=/api/transferencias, __AMQ_CID=a3a98e6c-9ff8-11f1-9bab-0a002700000d, CamelHttpMethod=POST, CamelMessageTimestamp=1787602565231, entidadFinancieraDestino=0001, CamelHttpUrl=http://localhost:59861/api/transferencias, user_HYPHEN_agent=Apache-HttpClient/5.2.3 (Java/17.0.16), Content_HYPHEN_Type=application/json, host=localhost:59861, accept_HYPHEN_encoding=gzip, x-gzip, deflate, content_HYPHEN_length=184, CamelHttpPath=, CamelPlatformHttpContextPath=/api/transferencias]]@996339106
2026-08-24T17:16:07.189-03:00  INFO 14544 --- [mpl$6@58cd6088)] org.apache.activemq.audit.message        : AMQ601500: User anonymous@127.0.0.1:59885 sent a message CoreMessage[messageID=68, durable=true, userID=a3abd85f-9ff8-11f1-9bab-0a002700000d, priority=4, timestamp=Mon Aug 24 17:16:07 PYT 2026, expiration=0, durable=true, address=sipap.banco.0001, size=1818, properties=TypedProperties[CamelHttpCharacterEncoding=UTF-8, _AMQ_ROUTING_TYPE=1, connection=keep-alive, accept=text/plain, application/json, application/*+json, */*, JMSCorrelationID=TX-E2E-003, CamelJmsDeliveryMode=2, idTransaccion=TX-E2E-003, CamelHttpUri=/api/transferencias, __AMQ_CID=a3a98e6c-9ff8-11f1-9bab-0a002700000d, CamelHttpMethod=POST, CamelMessageTimestamp=1787602565231, entidadFinancieraDestino=0001, CamelHttpUrl=http://localhost:59861/api/transferencias, user_HYPHEN_agent=Apache-HttpClient/5.2.3 (Java/17.0.16), Content_HYPHEN_Type=application/json, host=localhost:59861, accept_HYPHEN_encoding=gzip, x-gzip, deflate, content_HYPHEN_length=184, CamelHttpPath=, CamelPlatformHttpContextPath=/api/transferencias]]@996339106, context: RoutingContextImpl(Address=sipap.banco.0001, routingType=ANYCAST, PreviousAddress=sipap.banco.0001 previousRoute:ANYCAST, reusable=true, version=-2147483646)
..................................................
***** durable queues sipap.banco.0001:
- queueID=32 address:sipap.banco.0001 name:sipap.banco.0001 filter:null
***** non durable for sipap.banco.0001:
..................................................
, transaction: null
2026-08-24T17:16:07.192-03:00  INFO 14544 --- [mpl$6@58cd6088)] org.apache.activemq.audit.message        : AMQ601759: User anonymous@127.0.0.1:59881 added acknowledgement of a message from sipap.banco.0001: CoreMessage[messageID=68, durable=true, userID=a3abd85f-9ff8-11f1-9bab-0a002700000d, priority=4, timestamp=Mon Aug 24 17:16:07 PYT 2026, expiration=0, durable=true, address=sipap.banco.0001, size=1818, properties=TypedProperties[CamelHttpCharacterEncoding=UTF-8, _AMQ_ROUTING_TYPE=1, connection=keep-alive, accept=text/plain, application/json, application/*+json, */*, JMSCorrelationID=TX-E2E-003, CamelJmsDeliveryMode=2, idTransaccion=TX-E2E-003, CamelHttpUri=/api/transferencias, __AMQ_CID=a3a98e6c-9ff8-11f1-9bab-0a002700000d, CamelHttpMethod=POST, CamelMessageTimestamp=1787602565231, entidadFinancieraDestino=0001, CamelHttpUrl=http://localhost:59861/api/transferencias, user_HYPHEN_agent=Apache-HttpClient/5.2.3 (Java/17.0.16), Content_HYPHEN_Type=application/json, host=localhost:59861, accept_HYPHEN_encoding=gzip, x-gzip, deflate, content_HYPHEN_length=184, CamelHttpPath=, CamelPlatformHttpContextPath=/api/transferencias]]@996339106 to transaction: TransactionImpl [xid=null, txID=69, xid=null, state=ACTIVE, createTime=1787602567191(Mon Aug 24 17:16:07 PYT 2026), timeoutSeconds=-1, nr operations = 1]@37a98f7c
2026-08-24T17:16:07.194-03:00  INFO 14544 --- [mpl$6@58cd6088)] org.apache.activemq.audit.message        : AMQ601502: User anonymous@127.0.0.1:59881 acknowledged message from sipap.banco.0001: CoreMessage[messageID=68, durable=true, userID=a3abd85f-9ff8-11f1-9bab-0a002700000d, priority=4, timestamp=Mon Aug 24 17:16:07 PYT 2026, expiration=0, durable=true, address=sipap.banco.0001, size=1818, properties=TypedProperties[CamelHttpCharacterEncoding=UTF-8, _AMQ_ROUTING_TYPE=1, connection=keep-alive, accept=text/plain, application/json, application/*+json, */*, JMSCorrelationID=TX-E2E-003, CamelJmsDeliveryMode=2, idTransaccion=TX-E2E-003, CamelHttpUri=/api/transferencias, __AMQ_CID=a3a98e6c-9ff8-11f1-9bab-0a002700000d, CamelHttpMethod=POST, CamelMessageTimestamp=1787602565231, entidadFinancieraDestino=0001, CamelHttpUrl=http://localhost:59861/api/transferencias, user_HYPHEN_agent=Apache-HttpClient/5.2.3 (Java/17.0.16), Content_HYPHEN_Type=application/json, host=localhost:59861, accept_HYPHEN_encoding=gzip, x-gzip, deflate, content_HYPHEN_length=184, CamelHttpPath=, CamelPlatformHttpContextPath=/api/transferencias]]@996339106, transaction: TransactionImpl [xid=null, txID=69, xid=null, state=COMMITTED, createTime=1787602567191(Mon Aug 24 17:16:07 PYT 2026), timeoutSeconds=-1, nr operations = 0]@37a98f7c
2026-08-24T17:16:07.204-03:00  INFO 14544 --- [lhost-49820775)] org.apache.activemq.audit.resource       : AMQ601768: CORE connection 2b087e7a for user anonymous@127.0.0.1:59885 destroyed
2026-08-24T17:16:07.209-03:00  INFO 14544 --- [-netty-threads)] org.apache.activemq.audit.resource       : AMQ601767: CORE connection 3356479a for user unknown@127.0.0.1:59886 created
2026-08-24T17:16:07.220-03:00  INFO 14544 --- [mpl$6@58cd6088)] org.apache.activemq.audit.base           : AMQ601267: User anonymous@127.0.0.1:59886 is creating a core session on target resource ActiveMQServerImpl::name=localhost with parameters: [a3b10883-9ff8-11f1-9bab-0a002700000d, artemis, ****, 102400, RemotingConnectionImpl [ID=3356479a, clientID=null, nodeID=a0bc0b46-9ff8-11f1-9bab-0a002700000d, transportConnection=org.apache.activemq.artemis.core.remoting.impl.netty.NettyServerConnection@22d80673[ID=3356479a, local= /127.0.0.1:61616, remote=/127.0.0.1:59886]], false, false, false, false, null, org.apache.activemq.artemis.core.protocol.core.impl.CoreSessionCallback@42b12868, true, {}]
2026-08-24T17:16:07.225-03:00  INFO 14544 --- [mpl$6@58cd6088)] org.apache.activemq.audit.base           : AMQ601267: User anonymous@127.0.0.1:59886 is creating a core session on target resource ActiveMQServerImpl::name=localhost with parameters: [a3b1cbd4-9ff8-11f1-9bab-0a002700000d, artemis, ****, 102400, RemotingConnectionImpl [ID=3356479a, clientID=null, nodeID=a0bc0b46-9ff8-11f1-9bab-0a002700000d, transportConnection=org.apache.activemq.artemis.core.remoting.impl.netty.NettyServerConnection@22d80673[ID=3356479a, local= /127.0.0.1:61616, remote=/127.0.0.1:59886]], true, true, false, false, null, org.apache.activemq.artemis.core.protocol.core.impl.CoreSessionCallback@2cf4ca72, true, {}]
2026-08-24T17:16:07.232-03:00  INFO 14544 --- [pap.banco.0001]] consumidor-banco-0001                    : Consumidor banco 0001 recibió mensaje id=TX-E2E-003
2026-08-24T17:16:07.239-03:00  INFO 14544 --- [-netty-threads)] org.apache.activemq.audit.resource       : AMQ601767: CORE connection c51eae21 for user unknown@127.0.0.1:59887 created
2026-08-24T17:16:07.243-03:00  INFO 14544 --- [mpl$6@58cd6088)] org.apache.activemq.audit.base           : AMQ601267: User anonymous@127.0.0.1:59887 is creating a core session on target resource ActiveMQServerImpl::name=localhost with parameters: [a3b4b207-9ff8-11f1-9bab-0a002700000d, artemis, ****, 102400, RemotingConnectionImpl [ID=c51eae21, clientID=null, nodeID=a0bc0b46-9ff8-11f1-9bab-0a002700000d, transportConnection=org.apache.activemq.artemis.core.remoting.impl.netty.NettyServerConnection@d43340f[ID=c51eae21, local= /127.0.0.1:61616, remote=/127.0.0.1:59887]], false, false, false, false, null, org.apache.activemq.artemis.core.protocol.core.impl.CoreSessionCallback@6fca404a, true, {}]
2026-08-24T17:16:07.255-03:00  INFO 14544 --- [mpl$6@58cd6088)] org.apache.activemq.audit.base           : AMQ601267: User anonymous@127.0.0.1:59887 is creating a core session on target resource ActiveMQServerImpl::name=localhost with parameters: [a3b686c8-9ff8-11f1-9bab-0a002700000d, artemis, ****, 102400, RemotingConnectionImpl [ID=c51eae21, clientID=null, nodeID=a0bc0b46-9ff8-11f1-9bab-0a002700000d, transportConnection=org.apache.activemq.artemis.core.remoting.impl.netty.NettyServerConnection@d43340f[ID=c51eae21, local= /127.0.0.1:61616, remote=/127.0.0.1:59887]], true, true, false, false, null, org.apache.activemq.artemis.core.protocol.core.impl.CoreSessionCallback@283d61c1, true, {}]
2026-08-24T17:16:07.269-03:00  INFO 14544 --- [mpl$6@58cd6088)] org.apache.activemq.audit.base           : AMQ601262: User anonymous@127.0.0.1:59887 is creating address on target resource: a3b686c8-9ff8-11f1-9bab-0a002700000d with parameters: [sipap.auditoria, [ANYCAST], true]
2026-08-24T17:16:07.269-03:00  INFO 14544 --- [mpl$6@58cd6088)] org.apache.activemq.audit.base           : AMQ601019: User anonymous@127.0.0.1:59887 is getting mbean info on target resource: org.apache.activemq.artemis.core.management.impl.AddressControlImpl@43fdaa91
2026-08-24T17:16:07.271-03:00  INFO 14544 --- [mpl$6@58cd6088)] org.apache.activemq.audit.resource       : AMQ601065: User anonymous@127.0.0.1:59887 is creating a queue on target resource: ServerSessionImpl() with parameters: [QueueConfiguration [id=null, name=sipap.auditoria, address=sipap.auditoria, routingType=ANYCAST, filterString=null, durable=true, user=null, maxConsumers=-1, exclusive=null, groupRebalance=null, groupRebalancePauseDispatch=null, groupBuckets=null, groupFirstKey=null, lastValue=null, lastValueKey=null, nonDestructive=null, purgeOnNoConsumers=false, enabled=null, consumersBeforeDispatch=null, delayBeforeDispatch=null, consumerPriority=null, autoDelete=null, autoDeleteDelay=null, autoDeleteMessageCount=null, ringSize=null, configurationManaged=null, temporary=false, autoCreateAddress=null, internal=null, transient=null, autoCreated=true, fqqn=null]]
2026-08-24T17:16:07.271-03:00  WARN 14544 --- [mpl$6@58cd6088)] o.apache.activemq.artemis.core.server    : AMQ222165: No Dead Letter Address configured for queue sipap.auditoria in AddressSettings
2026-08-24T17:16:07.271-03:00  WARN 14544 --- [mpl$6@58cd6088)] o.apache.activemq.artemis.core.server    : AMQ222166: No Expiry Address configured for queue sipap.auditoria in AddressSettings
2026-08-24T17:16:07.271-03:00  INFO 14544 --- [mpl$6@58cd6088)] org.apache.activemq.audit.base           : AMQ601019: User anonymous@127.0.0.1:59887 is getting mbean info on target resource: org.apache.activemq.artemis.core.management.impl.QueueControlImpl@72df3b6a
2026-08-24T17:16:07.275-03:00  INFO 14544 --- [mpl$6@58cd6088)] org.apache.activemq.audit.message        : AMQ601500: User anonymous@127.0.0.1:59887 sent a message CoreMessage[messageID=86, durable=true, userID=a3b96cfb-9ff8-11f1-9bab-0a002700000d, priority=4, timestamp=Mon Aug 24 17:16:07 PYT 2026, expiration=0, durable=true, address=sipap.auditoria, size=1816, properties=TypedProperties[CamelHttpCharacterEncoding=UTF-8, _AMQ_ROUTING_TYPE=1, connection=keep-alive, accept=text/plain, application/json, application/*+json, */*, JMSCorrelationID=TX-E2E-003, CamelJmsDeliveryMode=2, idTransaccion=TX-E2E-003, CamelHttpUri=/api/transferencias, __AMQ_CID=a3b4b206-9ff8-11f1-9bab-0a002700000d, CamelHttpMethod=POST, CamelMessageTimestamp=1787602565231, entidadFinancieraDestino=0001, CamelHttpUrl=http://localhost:59861/api/transferencias, user_HYPHEN_agent=Apache-HttpClient/5.2.3 (Java/17.0.16), Content_HYPHEN_Type=application/json, host=localhost:59861, accept_HYPHEN_encoding=gzip, x-gzip, deflate, content_HYPHEN_length=184, CamelHttpPath=, CamelPlatformHttpContextPath=/api/transferencias]]@246639410, context: RoutingContextImpl(Address=sipap.auditoria, routingType=ANYCAST, PreviousAddress=sipap.auditoria previousRoute:ANYCAST, reusable=true, version=-2147483643)
..................................................
***** durable queues sipap.auditoria:
- queueID=83 address:sipap.auditoria name:sipap.auditoria filter:null
***** non durable for sipap.auditoria:
..................................................
, transaction: null
2026-08-24T17:16:07.271-03:00 ERROR 14544 --- [pap.banco.0001]] o.a.c.p.e.DefaultErrorHandler            : Failed delivery for (MessageId: ID:a3abd85f-9ff8-11f1-9bab-0a002700000d on ExchangeId: 6D7C10D16B51D46-0000000000000001). Exhausted after delivery attempt: 1 caught: com.fasterxml.jackson.databind.exc.InvalidDefinitionException: Java 8 date/time type `java.time.LocalDate` not supported by default: add Module "com.fasterxml.jackson.datatype:jackson-datatype-jsr310" to enable handling
 at [Source: (byte[])"{"idTransaccion":"TX-E2E-003","fechaTransaccion":[2026,8,24],"tipoQr":"ESTATICO","entidadFinancieraDestino":"0001","moneda":"600","monto":10,"referencia":"PAGO-SERVICIO-001","qrOriginal":"00020101021126080004000153036005802PY5913COMERCIO DEMO6008ASUNCION62210517PAGO-SERVICIO-0016304ABCD"}"; line: 1, column: 50] (through reference chain: com.sipap.model.CanonicalTransfer["fechaTransaccion"])

Message History (source location and message history is disabled)
---------------------------------------------------------------------------------------------------------------------------------------
Source                                   ID                             Processor                                          Elapsed (ms)
                                         consumidor-banco-0001/consumid from[jms://queue:sipap.banco.0001]                           40
	...
                                         consumidor-banco-0001/unmarsha unmarshal[org.apache.camel.model.dataformat.JsonDa            0

Stacktrace
---------------------------------------------------------------------------------------------------------------------------------------

com.fasterxml.jackson.databind.exc.InvalidDefinitionException: Java 8 date/time type `java.time.LocalDate` not supported by default: add Module "com.fasterxml.jackson.datatype:jackson-datatype-jsr310" to enable handling
 at [Source: (byte[])"{"idTransaccion":"TX-E2E-003","fechaTransaccion":[2026,8,24],"tipoQr":"ESTATICO","entidadFinancieraDestino":"0001","moneda":"600","monto":10,"referencia":"PAGO-SERVICIO-001","qrOriginal":"00020101021126080004000153036005802PY5913COMERCIO DEMO6008ASUNCION62210517PAGO-SERVICIO-0016304ABCD"}"; line: 1, column: 50] (through reference chain: com.sipap.model.CanonicalTransfer["fechaTransaccion"])
	at com.fasterxml.jackson.databind.exc.InvalidDefinitionException.from(InvalidDefinitionException.java:67) ~[jackson-databind-2.15.4.jar:2.15.4]
	at com.fasterxml.jackson.databind.DeserializationContext.reportBadDefinition(DeserializationContext.java:1915) ~[jackson-databind-2.15.4.jar:2.15.4]
	at com.fasterxml.jackson.databind.deser.impl.UnsupportedTypeDeserializer.deserialize(UnsupportedTypeDeserializer.java:48) ~[jackson-databind-2.15.4.jar:2.15.4]
	at com.fasterxml.jackson.databind.deser.impl.MethodProperty.deserializeAndSet(MethodProperty.java:129) ~[jackson-databind-2.15.4.jar:2.15.4]
	at com.fasterxml.jackson.databind.deser.BeanDeserializer.vanillaDeserialize(BeanDeserializer.java:314) ~[jackson-databind-2.15.4.jar:2.15.4]
	at com.fasterxml.jackson.databind.deser.BeanDeserializer.deserialize(BeanDeserializer.java:177) ~[jackson-databind-2.15.4.jar:2.15.4]
	at com.fasterxml.jackson.databind.deser.DefaultDeserializationContext.readRootValue(DefaultDeserializationContext.java:323) ~[jackson-databind-2.15.4.jar:2.15.4]
	at com.fasterxml.jackson.databind.ObjectReader._bindAndClose(ObjectReader.java:2105) ~[jackson-databind-2.15.4.jar:2.15.4]
	at com.fasterxml.jackson.databind.ObjectReader.readValue(ObjectReader.java:1583) ~[jackson-databind-2.15.4.jar:2.15.4]
	at org.apache.camel.component.jackson.AbstractJacksonDataFormat.unmarshal(AbstractJacksonDataFormat.java:207) ~[camel-jackson-4.4.1.jar:4.4.1]
	at org.apache.camel.support.processor.UnmarshalProcessor.process(UnmarshalProcessor.java:81) ~[camel-support-4.4.1.jar:4.4.1]
	at org.apache.camel.processor.errorhandler.RedeliveryErrorHandler$SimpleTask.handleFirst(RedeliveryErrorHandler.java:462) ~[camel-core-processor-4.4.1.jar:4.4.1]
	at org.apache.camel.processor.errorhandler.RedeliveryErrorHandler$SimpleTask.run(RedeliveryErrorHandler.java:438) ~[camel-core-processor-4.4.1.jar:4.4.1]
	at org.apache.camel.impl.engine.DefaultReactiveExecutor$Worker.doRun(DefaultReactiveExecutor.java:199) ~[camel-base-engine-4.4.1.jar:4.4.1]
	at org.apache.camel.impl.engine.DefaultReactiveExecutor$Worker.executeReactiveWork(DefaultReactiveExecutor.java:189) ~[camel-base-engine-4.4.1.jar:4.4.1]
	at org.apache.camel.impl.engine.DefaultReactiveExecutor$Worker.tryExecuteReactiveWork(DefaultReactiveExecutor.java:166) ~[camel-base-engine-4.4.1.jar:4.4.1]
	at org.apache.camel.impl.engine.DefaultReactiveExecutor$Worker.schedule(DefaultReactiveExecutor.java:148) ~[camel-base-engine-4.4.1.jar:4.4.1]
	at org.apache.camel.impl.engine.DefaultReactiveExecutor.scheduleMain(DefaultReactiveExecutor.java:59) ~[camel-base-engine-4.4.1.jar:4.4.1]
	at org.apache.camel.processor.Pipeline.process(Pipeline.java:163) ~[camel-core-processor-4.4.1.jar:4.4.1]
	at org.apache.camel.impl.engine.CamelInternalProcessor.processNonTransacted(CamelInternalProcessor.java:354) ~[camel-base-engine-4.4.1.jar:4.4.1]
	at org.apache.camel.impl.engine.CamelInternalProcessor.process(CamelInternalProcessor.java:330) ~[camel-base-engine-4.4.1.jar:4.4.1]
	at org.apache.camel.impl.engine.DefaultAsyncProcessorAwaitManager.process(DefaultAsyncProcessorAwaitManager.java:82) ~[camel-base-engine-4.4.1.jar:4.4.1]
	at org.apache.camel.support.AsyncProcessorSupport.process(AsyncProcessorSupport.java:32) ~[camel-support-4.4.1.jar:4.4.1]
	at org.apache.camel.component.jms.EndpointMessageListener.onMessage(EndpointMessageListener.java:132) ~[camel-jms-4.4.1.jar:4.4.1]
	at org.springframework.jms.listener.AbstractMessageListenerContainer.doInvokeListener(AbstractMessageListenerContainer.java:783) ~[spring-jms-6.1.6.jar:6.1.6]
	at org.springframework.jms.listener.AbstractMessageListenerContainer.invokeListener(AbstractMessageListenerContainer.java:741) ~[spring-jms-6.1.6.jar:6.1.6]
	at org.springframework.jms.listener.AbstractMessageListenerContainer.doExecuteListener(AbstractMessageListenerContainer.java:719) ~[spring-jms-6.1.6.jar:6.1.6]
	at org.springframework.jms.listener.AbstractPollingMessageListenerContainer.doReceiveAndExecute(AbstractPollingMessageListenerContainer.java:333) ~[spring-jms-6.1.6.jar:6.1.6]
	at org.springframework.jms.listener.AbstractPollingMessageListenerContainer.receiveAndExecute(AbstractPollingMessageListenerContainer.java:270) ~[spring-jms-6.1.6.jar:6.1.6]
	at org.springframework.jms.listener.DefaultMessageListenerContainer$AsyncMessageListenerInvoker.invokeListener(DefaultMessageListenerContainer.java:1257) ~[spring-jms-6.1.6.jar:6.1.6]
	at org.springframework.jms.listener.DefaultMessageListenerContainer$AsyncMessageListenerInvoker.executeOngoingLoop(DefaultMessageListenerContainer.java:1247) ~[spring-jms-6.1.6.jar:6.1.6]
	at org.springframework.jms.listener.DefaultMessageListenerContainer$AsyncMessageListenerInvoker.run(DefaultMessageListenerContainer.java:1140) ~[spring-jms-6.1.6.jar:6.1.6]
	at java.base/java.util.concurrent.ThreadPoolExecutor.runWorker(ThreadPoolExecutor.java:1136) ~[na:na]
	at java.base/java.util.concurrent.ThreadPoolExecutor$Worker.run(ThreadPoolExecutor.java:635) ~[na:na]
	at java.base/java.lang.Thread.run(Thread.java:840) ~[na:na]

2026-08-24T17:16:07.284-03:00  INFO 14544 --- [lhost-49820775)] org.apache.activemq.audit.resource       : AMQ601768: CORE connection c51eae21 for user anonymous@127.0.0.1:59887 destroyed
2026-08-24T17:16:07.285-03:00  WARN 14544 --- [pap.banco.0001]] o.a.c.c.jms.EndpointMessageListener      : Execution of JMS message listener failed. Caused by: [org.apache.camel.RuntimeCamelException - com.fasterxml.jackson.databind.exc.InvalidDefinitionException: Java 8 date/time type `java.time.LocalDate` not supported by default: add Module "com.fasterxml.jackson.datatype:jackson-datatype-jsr310" to enable handling
 at [Source: (byte[])"{"idTransaccion":"TX-E2E-003","fechaTransaccion":[2026,8,24],"tipoQr":"ESTATICO","entidadFinancieraDestino":"0001","moneda":"600","monto":10,"referencia":"PAGO-SERVICIO-001","qrOriginal":"00020101021126080004000153036005802PY5913COMERCIO DEMO6008ASUNCION62210517PAGO-SERVICIO-0016304ABCD"}"; line: 1, column: 50] (through reference chain: com.sipap.model.CanonicalTransfer["fechaTransaccion"])]

org.apache.camel.RuntimeCamelException: com.fasterxml.jackson.databind.exc.InvalidDefinitionException: Java 8 date/time type `java.time.LocalDate` not supported by default: add Module "com.fasterxml.jackson.datatype:jackson-datatype-jsr310" to enable handling
 at [Source: (byte[])"{"idTransaccion":"TX-E2E-003","fechaTransaccion":[2026,8,24],"tipoQr":"ESTATICO","entidadFinancieraDestino":"0001","moneda":"600","monto":10,"referencia":"PAGO-SERVICIO-001","qrOriginal":"00020101021126080004000153036005802PY5913COMERCIO DEMO6008ASUNCION62210517PAGO-SERVICIO-0016304ABCD"}"; line: 1, column: 50] (through reference chain: com.sipap.model.CanonicalTransfer["fechaTransaccion"])
	at org.apache.camel.RuntimeCamelException.wrapRuntimeCamelException(RuntimeCamelException.java:51) ~[camel-api-4.4.1.jar:4.4.1]
	at org.apache.camel.component.jms.EndpointMessageListener$EndpointMessageListenerAsyncCallback.done(EndpointMessageListener.java:217) ~[camel-jms-4.4.1.jar:4.4.1]
	at org.apache.camel.component.jms.EndpointMessageListener.onMessage(EndpointMessageListener.java:136) ~[camel-jms-4.4.1.jar:4.4.1]
	at org.springframework.jms.listener.AbstractMessageListenerContainer.doInvokeListener(AbstractMessageListenerContainer.java:783) ~[spring-jms-6.1.6.jar:6.1.6]
	at org.springframework.jms.listener.AbstractMessageListenerContainer.invokeListener(AbstractMessageListenerContainer.java:741) ~[spring-jms-6.1.6.jar:6.1.6]
	at org.springframework.jms.listener.AbstractMessageListenerContainer.doExecuteListener(AbstractMessageListenerContainer.java:719) ~[spring-jms-6.1.6.jar:6.1.6]
	at org.springframework.jms.listener.AbstractPollingMessageListenerContainer.doReceiveAndExecute(AbstractPollingMessageListenerContainer.java:333) ~[spring-jms-6.1.6.jar:6.1.6]
	at org.springframework.jms.listener.AbstractPollingMessageListenerContainer.receiveAndExecute(AbstractPollingMessageListenerContainer.java:270) ~[spring-jms-6.1.6.jar:6.1.6]
	at org.springframework.jms.listener.DefaultMessageListenerContainer$AsyncMessageListenerInvoker.invokeListener(DefaultMessageListenerContainer.java:1257) ~[spring-jms-6.1.6.jar:6.1.6]
	at org.springframework.jms.listener.DefaultMessageListenerContainer$AsyncMessageListenerInvoker.executeOngoingLoop(DefaultMessageListenerContainer.java:1247) ~[spring-jms-6.1.6.jar:6.1.6]
	at org.springframework.jms.listener.DefaultMessageListenerContainer$AsyncMessageListenerInvoker.run(DefaultMessageListenerContainer.java:1140) ~[spring-jms-6.1.6.jar:6.1.6]
	at java.base/java.util.concurrent.ThreadPoolExecutor.runWorker(ThreadPoolExecutor.java:1136) ~[na:na]
	at java.base/java.util.concurrent.ThreadPoolExecutor$Worker.run(ThreadPoolExecutor.java:635) ~[na:na]
	at java.base/java.lang.Thread.run(Thread.java:840) ~[na:na]
Caused by: com.fasterxml.jackson.databind.exc.InvalidDefinitionException: Java 8 date/time type `java.time.LocalDate` not supported by default: add Module "com.fasterxml.jackson.datatype:jackson-datatype-jsr310" to enable handling
 at [Source: (byte[])"{"idTransaccion":"TX-E2E-003","fechaTransaccion":[2026,8,24],"tipoQr":"ESTATICO","entidadFinancieraDestino":"0001","moneda":"600","monto":10,"referencia":"PAGO-SERVICIO-001","qrOriginal":"00020101021126080004000153036005802PY5913COMERCIO DEMO6008ASUNCION62210517PAGO-SERVICIO-0016304ABCD"}"; line: 1, column: 50] (through reference chain: com.sipap.model.CanonicalTransfer["fechaTransaccion"])
	at com.fasterxml.jackson.databind.exc.InvalidDefinitionException.from(InvalidDefinitionException.java:67) ~[jackson-databind-2.15.4.jar:2.15.4]
	at com.fasterxml.jackson.databind.DeserializationContext.reportBadDefinition(DeserializationContext.java:1915) ~[jackson-databind-2.15.4.jar:2.15.4]
	at com.fasterxml.jackson.databind.deser.impl.UnsupportedTypeDeserializer.deserialize(UnsupportedTypeDeserializer.java:48) ~[jackson-databind-2.15.4.jar:2.15.4]
	at com.fasterxml.jackson.databind.deser.impl.MethodProperty.deserializeAndSet(MethodProperty.java:129) ~[jackson-databind-2.15.4.jar:2.15.4]
	at com.fasterxml.jackson.databind.deser.BeanDeserializer.vanillaDeserialize(BeanDeserializer.java:314) ~[jackson-databind-2.15.4.jar:2.15.4]
	at com.fasterxml.jackson.databind.deser.BeanDeserializer.deserialize(BeanDeserializer.java:177) ~[jackson-databind-2.15.4.jar:2.15.4]
	at com.fasterxml.jackson.databind.deser.DefaultDeserializationContext.readRootValue(DefaultDeserializationContext.java:323) ~[jackson-databind-2.15.4.jar:2.15.4]
	at com.fasterxml.jackson.databind.ObjectReader._bindAndClose(ObjectReader.java:2105) ~[jackson-databind-2.15.4.jar:2.15.4]
	at com.fasterxml.jackson.databind.ObjectReader.readValue(ObjectReader.java:1583) ~[jackson-databind-2.15.4.jar:2.15.4]
	at org.apache.camel.component.jackson.AbstractJacksonDataFormat.unmarshal(AbstractJacksonDataFormat.java:207) ~[camel-jackson-4.4.1.jar:4.4.1]
	at org.apache.camel.support.processor.UnmarshalProcessor.process(UnmarshalProcessor.java:81) ~[camel-support-4.4.1.jar:4.4.1]
	at org.apache.camel.processor.errorhandler.RedeliveryErrorHandler$SimpleTask.handleFirst(RedeliveryErrorHandler.java:462) ~[camel-core-processor-4.4.1.jar:4.4.1]
	at org.apache.camel.processor.errorhandler.RedeliveryErrorHandler$SimpleTask.run(RedeliveryErrorHandler.java:438) ~[camel-core-processor-4.4.1.jar:4.4.1]
	at org.apache.camel.impl.engine.DefaultReactiveExecutor$Worker.doRun(DefaultReactiveExecutor.java:199) ~[camel-base-engine-4.4.1.jar:4.4.1]
	at org.apache.camel.impl.engine.DefaultReactiveExecutor$Worker.executeReactiveWork(DefaultReactiveExecutor.java:189) ~[camel-base-engine-4.4.1.jar:4.4.1]
	at org.apache.camel.impl.engine.DefaultReactiveExecutor$Worker.tryExecuteReactiveWork(DefaultReactiveExecutor.java:166) ~[camel-base-engine-4.4.1.jar:4.4.1]
	at org.apache.camel.impl.engine.DefaultReactiveExecutor$Worker.schedule(DefaultReactiveExecutor.java:148) ~[camel-base-engine-4.4.1.jar:4.4.1]
	at org.apache.camel.impl.engine.DefaultReactiveExecutor.scheduleMain(DefaultReactiveExecutor.java:59) ~[camel-base-engine-4.4.1.jar:4.4.1]
	at org.apache.camel.processor.Pipeline.process(Pipeline.java:163) ~[camel-core-processor-4.4.1.jar:4.4.1]
	at org.apache.camel.impl.engine.CamelInternalProcessor.processNonTransacted(CamelInternalProcessor.java:354) ~[camel-base-engine-4.4.1.jar:4.4.1]
	at org.apache.camel.impl.engine.CamelInternalProcessor.process(CamelInternalProcessor.java:330) ~[camel-base-engine-4.4.1.jar:4.4.1]
	at org.apache.camel.impl.engine.DefaultAsyncProcessorAwaitManager.process(DefaultAsyncProcessorAwaitManager.java:82) ~[camel-base-engine-4.4.1.jar:4.4.1]
	at org.apache.camel.support.AsyncProcessorSupport.process(AsyncProcessorSupport.java:32) ~[camel-support-4.4.1.jar:4.4.1]
	at org.apache.camel.component.jms.EndpointMessageListener.onMessage(EndpointMessageListener.java:132) ~[camel-jms-4.4.1.jar:4.4.1]
	... 11 common frames omitted

2026-08-24T17:16:07.287-03:00  INFO 14544 --- [lhost-49820775)] org.apache.activemq.audit.resource       : AMQ601768: CORE connection 3356479a for user anonymous@127.0.0.1:59886 destroyed
2026-08-24T17:16:07.288-03:00  INFO 14544 --- [mpl$6@58cd6088)] org.apache.activemq.audit.message        : AMQ601759: User anonymous@127.0.0.1:59880 added acknowledgement of a message from sipap.transferencias.entrada: CoreMessage[messageID=18, durable=true, userID=a2922ae3-9ff8-11f1-9bab-0a002700000d, priority=4, timestamp=Mon Aug 24 17:16:05 PYT 2026, expiration=0, durable=true, address=sipap.transferencias.entrada, size=1738, properties=TypedProperties[CamelHttpCharacterEncoding=UTF-8, _AMQ_ROUTING_TYPE=1, connection=keep-alive, accept=text/plain, application/json, application/*+json, */*, JMSCorrelationID=TX-E2E-003, idTransaccion=TX-E2E-003, CamelHttpUri=/api/transferencias, __AMQ_CID=a2902f0f-9ff8-11f1-9bab-0a002700000d, CamelHttpMethod=POST, entidadFinancieraDestino=0001, CamelHttpUrl=http://localhost:59861/api/transferencias, user_HYPHEN_agent=Apache-HttpClient/5.2.3 (Java/17.0.16), Content_HYPHEN_Type=application/json, host=localhost:59861, accept_HYPHEN_encoding=gzip, x-gzip, deflate, content_HYPHEN_length=184, CamelHttpPath=, CamelPlatformHttpContextPath=/api/transferencias]]@820945680 to transaction: TransactionImpl [xid=null, txID=99, xid=null, state=ACTIVE, createTime=1787602567288(Mon Aug 24 17:16:07 PYT 2026), timeoutSeconds=-1, nr operations = 1]@2e77744b
2026-08-24T17:16:07.290-03:00  INFO 14544 --- [mpl$6@58cd6088)] org.apache.activemq.audit.message        : AMQ601502: User anonymous@127.0.0.1:59880 acknowledged message from sipap.transferencias.entrada: CoreMessage[messageID=18, durable=true, userID=a2922ae3-9ff8-11f1-9bab-0a002700000d, priority=4, timestamp=Mon Aug 24 17:16:05 PYT 2026, expiration=0, durable=true, address=sipap.transferencias.entrada, size=1738, properties=TypedProperties[CamelHttpCharacterEncoding=UTF-8, _AMQ_ROUTING_TYPE=1, connection=keep-alive, accept=text/plain, application/json, application/*+json, */*, JMSCorrelationID=TX-E2E-003, idTransaccion=TX-E2E-003, CamelHttpUri=/api/transferencias, __AMQ_CID=a2902f0f-9ff8-11f1-9bab-0a002700000d, CamelHttpMethod=POST, entidadFinancieraDestino=0001, CamelHttpUrl=http://localhost:59861/api/transferencias, user_HYPHEN_agent=Apache-HttpClient/5.2.3 (Java/17.0.16), Content_HYPHEN_Type=application/json, host=localhost:59861, accept_HYPHEN_encoding=gzip, x-gzip, deflate, content_HYPHEN_length=184, CamelHttpPath=, CamelPlatformHttpContextPath=/api/transferencias]]@820945680, transaction: TransactionImpl [xid=null, txID=99, xid=null, state=COMMITTED, createTime=1787602567288(Mon Aug 24 17:16:07 PYT 2026), timeoutSeconds=-1, nr operations = 0]@2e77744b
2026-08-24T17:16:07.291-03:00  INFO 14544 --- [lhost-49820775)] org.apache.activemq.audit.resource       : AMQ601768: CORE connection 4d7a4047 for user anonymous@127.0.0.1:59884 destroyed
2026-08-24T17:16:07.298-03:00  INFO 14544 --- [-netty-threads)] org.apache.activemq.audit.resource       : AMQ601767: CORE connection 0fac1bd8 for user unknown@127.0.0.1:59888 created
2026-08-24T17:16:07.303-03:00  INFO 14544 --- [mpl$6@58cd6088)] org.apache.activemq.audit.base           : AMQ601267: User anonymous@127.0.0.1:59888 is creating a core session on target resource ActiveMQServerImpl::name=localhost with parameters: [a3bdd9ce-9ff8-11f1-9bab-0a002700000d, artemis, ****, 102400, RemotingConnectionImpl [ID=0fac1bd8, clientID=null, nodeID=a0bc0b46-9ff8-11f1-9bab-0a002700000d, transportConnection=org.apache.activemq.artemis.core.remoting.impl.netty.NettyServerConnection@54348a8d[ID=0fac1bd8, local= /127.0.0.1:61616, remote=/127.0.0.1:59888]], false, false, false, false, null, org.apache.activemq.artemis.core.protocol.core.impl.CoreSessionCallback@542ae628, true, {}]
2026-08-24T17:16:07.306-03:00  INFO 14544 --- [mpl$6@58cd6088)] org.apache.activemq.audit.base           : AMQ601267: User anonymous@127.0.0.1:59888 is creating a core session on target resource ActiveMQServerImpl::name=localhost with parameters: [a3be4eff-9ff8-11f1-9bab-0a002700000d, artemis, ****, 102400, RemotingConnectionImpl [ID=0fac1bd8, clientID=null, nodeID=a0bc0b46-9ff8-11f1-9bab-0a002700000d, transportConnection=org.apache.activemq.artemis.core.remoting.impl.netty.NettyServerConnection@54348a8d[ID=0fac1bd8, local= /127.0.0.1:61616, remote=/127.0.0.1:59888]], true, true, false, false, null, org.apache.activemq.artemis.core.protocol.core.impl.CoreSessionCallback@6d873b2d, true, {}]
2026-08-24T17:16:07.308-03:00  INFO 14544 --- [encias.entrada]] enrutamiento-a-colas-banco               : Enrutando transferencia id=TX-E2E-003 a entidad=0001
2026-08-24T17:16:07.314-03:00  INFO 14544 --- [-netty-threads)] org.apache.activemq.audit.resource       : AMQ601767: CORE connection 10d2be8b for user unknown@127.0.0.1:59889 created
2026-08-24T17:16:07.316-03:00  INFO 14544 --- [mpl$6@58cd6088)] org.apache.activemq.audit.base           : AMQ601267: User anonymous@127.0.0.1:59889 is creating a core session on target resource ActiveMQServerImpl::name=localhost with parameters: [a3bfd5a2-9ff8-11f1-9bab-0a002700000d, artemis, ****, 102400, RemotingConnectionImpl [ID=10d2be8b, clientID=null, nodeID=a0bc0b46-9ff8-11f1-9bab-0a002700000d, transportConnection=org.apache.activemq.artemis.core.remoting.impl.netty.NettyServerConnection@6da4c2ae[ID=10d2be8b, local= /127.0.0.1:61616, remote=/127.0.0.1:59889]], false, false, false, false, null, org.apache.activemq.artemis.core.protocol.core.impl.CoreSessionCallback@1d345d75, true, {}]
2026-08-24T17:16:07.318-03:00  INFO 14544 --- [mpl$6@58cd6088)] org.apache.activemq.audit.base           : AMQ601267: User anonymous@127.0.0.1:59889 is creating a core session on target resource ActiveMQServerImpl::name=localhost with parameters: [a3c023c3-9ff8-11f1-9bab-0a002700000d, artemis, ****, 102400, RemotingConnectionImpl [ID=10d2be8b, clientID=null, nodeID=a0bc0b46-9ff8-11f1-9bab-0a002700000d, transportConnection=org.apache.activemq.artemis.core.remoting.impl.netty.NettyServerConnection@6da4c2ae[ID=10d2be8b, local= /127.0.0.1:61616, remote=/127.0.0.1:59889]], true, true, false, false, null, org.apache.activemq.artemis.core.protocol.core.impl.CoreSessionCallback@8a2c028, true, {}]
2026-08-24T17:16:07.323-03:00  INFO 14544 --- [mpl$6@58cd6088)] org.apache.activemq.audit.message        : AMQ601501: User anonymous@127.0.0.1:59881 is consuming a message from sipap.banco.0001: Reference[108]:RELIABLE:CoreMessage[messageID=108, durable=true, userID=a3c0c005-9ff8-11f1-9bab-0a002700000d, priority=4, timestamp=Mon Aug 24 17:16:07 PYT 2026, expiration=0, durable=true, address=sipap.banco.0001, size=1818, properties=TypedProperties[CamelHttpCharacterEncoding=UTF-8, _AMQ_ROUTING_TYPE=1, connection=keep-alive, accept=text/plain, application/json, application/*+json, */*, JMSCorrelationID=TX-E2E-003, CamelJmsDeliveryMode=2, idTransaccion=TX-E2E-003, CamelHttpUri=/api/transferencias, __AMQ_CID=a3bfd5a1-9ff8-11f1-9bab-0a002700000d, CamelHttpMethod=POST, CamelMessageTimestamp=1787602565339, entidadFinancieraDestino=0001, CamelHttpUrl=http://localhost:59861/api/transferencias, user_HYPHEN_agent=Apache-HttpClient/5.2.3 (Java/17.0.16), Content_HYPHEN_Type=application/json, host=localhost:59861, accept_HYPHEN_encoding=gzip, x-gzip, deflate, content_HYPHEN_length=184, CamelHttpPath=, CamelPlatformHttpContextPath=/api/transferencias]]@536399468
2026-08-24T17:16:07.323-03:00  INFO 14544 --- [mpl$6@58cd6088)] org.apache.activemq.audit.message        : AMQ601500: User anonymous@127.0.0.1:59889 sent a message CoreMessage[messageID=108, durable=true, userID=a3c0c005-9ff8-11f1-9bab-0a002700000d, priority=4, timestamp=Mon Aug 24 17:16:07 PYT 2026, expiration=0, durable=true, address=sipap.banco.0001, size=1818, properties=TypedProperties[CamelHttpCharacterEncoding=UTF-8, _AMQ_ROUTING_TYPE=1, connection=keep-alive, accept=text/plain, application/json, application/*+json, */*, JMSCorrelationID=TX-E2E-003, CamelJmsDeliveryMode=2, idTransaccion=TX-E2E-003, CamelHttpUri=/api/transferencias, __AMQ_CID=a3bfd5a1-9ff8-11f1-9bab-0a002700000d, CamelHttpMethod=POST, CamelMessageTimestamp=1787602565339, entidadFinancieraDestino=0001, CamelHttpUrl=http://localhost:59861/api/transferencias, user_HYPHEN_agent=Apache-HttpClient/5.2.3 (Java/17.0.16), Content_HYPHEN_Type=application/json, host=localhost:59861, accept_HYPHEN_encoding=gzip, x-gzip, deflate, content_HYPHEN_length=184, CamelHttpPath=, CamelPlatformHttpContextPath=/api/transferencias]]@536399468, context: RoutingContextImpl(Address=sipap.banco.0001, routingType=ANYCAST, PreviousAddress=sipap.banco.0001 previousRoute:ANYCAST, reusable=true, version=-2147483646)
..................................................
***** durable queues sipap.banco.0001:
- queueID=32 address:sipap.banco.0001 name:sipap.banco.0001 filter:null
***** non durable for sipap.banco.0001:
..................................................
, transaction: null
2026-08-24T17:16:07.324-03:00  INFO 14544 --- [mpl$6@58cd6088)] org.apache.activemq.audit.message        : AMQ601759: User anonymous@127.0.0.1:59881 added acknowledgement of a message from sipap.banco.0001: CoreMessage[messageID=108, durable=true, userID=a3c0c005-9ff8-11f1-9bab-0a002700000d, priority=4, timestamp=Mon Aug 24 17:16:07 PYT 2026, expiration=0, durable=true, address=sipap.banco.0001, size=1818, properties=TypedProperties[CamelHttpCharacterEncoding=UTF-8, _AMQ_ROUTING_TYPE=1, connection=keep-alive, accept=text/plain, application/json, application/*+json, */*, JMSCorrelationID=TX-E2E-003, CamelJmsDeliveryMode=2, idTransaccion=TX-E2E-003, CamelHttpUri=/api/transferencias, __AMQ_CID=a3bfd5a1-9ff8-11f1-9bab-0a002700000d, CamelHttpMethod=POST, CamelMessageTimestamp=1787602565339, entidadFinancieraDestino=0001, CamelHttpUrl=http://localhost:59861/api/transferencias, user_HYPHEN_agent=Apache-HttpClient/5.2.3 (Java/17.0.16), Content_HYPHEN_Type=application/json, host=localhost:59861, accept_HYPHEN_encoding=gzip, x-gzip, deflate, content_HYPHEN_length=184, CamelHttpPath=, CamelPlatformHttpContextPath=/api/transferencias]]@536399468 to transaction: TransactionImpl [xid=null, txID=109, xid=null, state=ACTIVE, createTime=1787602567324(Mon Aug 24 17:16:07 PYT 2026), timeoutSeconds=-1, nr operations = 1]@68508e3
2026-08-24T17:16:07.326-03:00  INFO 14544 --- [-netty-threads)] org.apache.activemq.audit.resource       : AMQ601767: CORE connection 80663c19 for user unknown@127.0.0.1:59890 created
2026-08-24T17:16:07.327-03:00  INFO 14544 --- [mpl$6@58cd6088)] org.apache.activemq.audit.message        : AMQ601502: User anonymous@127.0.0.1:59881 acknowledged message from sipap.banco.0001: CoreMessage[messageID=108, durable=true, userID=a3c0c005-9ff8-11f1-9bab-0a002700000d, priority=4, timestamp=Mon Aug 24 17:16:07 PYT 2026, expiration=0, durable=true, address=sipap.banco.0001, size=1818, properties=TypedProperties[CamelHttpCharacterEncoding=UTF-8, _AMQ_ROUTING_TYPE=1, connection=keep-alive, accept=text/plain, application/json, application/*+json, */*, JMSCorrelationID=TX-E2E-003, CamelJmsDeliveryMode=2, idTransaccion=TX-E2E-003, CamelHttpUri=/api/transferencias, __AMQ_CID=a3bfd5a1-9ff8-11f1-9bab-0a002700000d, CamelHttpMethod=POST, CamelMessageTimestamp=1787602565339, entidadFinancieraDestino=0001, CamelHttpUrl=http://localhost:59861/api/transferencias, user_HYPHEN_agent=Apache-HttpClient/5.2.3 (Java/17.0.16), Content_HYPHEN_Type=application/json, host=localhost:59861, accept_HYPHEN_encoding=gzip, x-gzip, deflate, content_HYPHEN_length=184, CamelHttpPath=, CamelPlatformHttpContextPath=/api/transferencias]]@536399468, transaction: TransactionImpl [xid=null, txID=109, xid=null, state=COMMITTED, createTime=1787602567324(Mon Aug 24 17:16:07 PYT 2026), timeoutSeconds=-1, nr operations = 0]@68508e3
2026-08-24T17:16:07.329-03:00  INFO 14544 --- [lhost-49820775)] org.apache.activemq.audit.resource       : AMQ601768: CORE connection 10d2be8b for user anonymous@127.0.0.1:59889 destroyed
2026-08-24T17:16:07.329-03:00  INFO 14544 --- [mpl$6@58cd6088)] org.apache.activemq.audit.base           : AMQ601267: User anonymous@127.0.0.1:59890 is creating a core session on target resource ActiveMQServerImpl::name=localhost with parameters: [a3c18358-9ff8-11f1-9bab-0a002700000d, artemis, ****, 102400, RemotingConnectionImpl [ID=80663c19, clientID=null, nodeID=a0bc0b46-9ff8-11f1-9bab-0a002700000d, transportConnection=org.apache.activemq.artemis.core.remoting.impl.netty.NettyServerConnection@475d51e8[ID=80663c19, local= /127.0.0.1:61616, remote=/127.0.0.1:59890]], false, false, false, false, null, org.apache.activemq.artemis.core.protocol.core.impl.CoreSessionCallback@c274a1f, true, {}]
[...]
	at java.base/java.util.concurrent.ThreadPoolExecutor$Worker.run(ThreadPoolExecutor.java:635) ~[na:na]
	at java.base/java.lang.Thread.run(Thread.java:840) ~[na:na]

2026-08-24T17:16:07.340-03:00  INFO 14544 --- [mpl$6@58cd6088)] org.apache.activemq.audit.base           : AMQ601267: User anonymous@127.0.0.1:59891 is creating a core session on target resource ActiveMQServerImpl::name=localhost with parameters: [a3c37f2d-9ff8-11f1-9bab-0a002700000d, artemis, ****, 102400, RemotingConnectionImpl [ID=17a955ec, clientID=null, nodeID=a0bc0b46-9ff8-11f1-9bab-0a002700000d, transportConnection=org.apache.activemq.artemis.core.remoting.impl.netty.NettyServerConnection@4a08ca25[ID=17a955ec, local= /127.0.0.1:61616, remote=/127.0.0.1:59891]], true, true, false, false, null, org.apache.activemq.artemis.core.protocol.core.impl.CoreSessionCallback@5971355a, true, {}]
2026-08-24T17:16:07.342-03:00  INFO 14544 --- [lhost-49820775)] org.apache.activemq.audit.resource       : AMQ601768: CORE connection 80663c19 for user anonymous@127.0.0.1:59890 destroyed
2026-08-24T17:16:07.342-03:00  WARN 14544 --- [pap.banco.0001]] o.a.c.c.jms.EndpointMessageListener      : Execution of JMS message listener failed. Caused by: [org.apache.camel.RuntimeCamelException - com.fasterxml.jackson.databind.exc.InvalidDefinitionException: Java 8 date/time type `java.time.LocalDate` not supported by default: add Module "com.fasterxml.jackson.datatype:jackson-datatype-jsr310" to enable handling
 at [Source: (byte[])"{"idTransaccion":"TX-E2E-003","fechaTransaccion":[2026,8,24],"tipoQr":"ESTATICO","entidadFinancieraDestino":"0001","moneda":"600","monto":10,"referencia":"PAGO-SERVICIO-001","qrOriginal":"00020101021126080004000153036005802PY5913COMERCIO DEMO6008ASUNCION62210517PAGO-SERVICIO-0016304ABCD"}"; line: 1, column: 50] (through reference chain: com.sipap.model.CanonicalTransfer["fechaTransaccion"])]

org.apache.camel.RuntimeCamelException: com.fasterxml.jackson.databind.exc.InvalidDefinitionException: Java 8 date/time type `java.time.LocalDate` not supported by default: add Module "com.fasterxml.jackson.datatype:jackson-datatype-jsr310" to enable handling
 at [Source: (byte[])"{"idTransaccion":"TX-E2E-003","fechaTransaccion":[2026,8,24],"tipoQr":"ESTATICO","entidadFinancieraDestino":"0001","moneda":"600","monto":10,"referencia":"PAGO-SERVICIO-001","qrOriginal":"00020101021126080004000153036005802PY5913COMERCIO DEMO6008ASUNCION62210517PAGO-SERVICIO-0016304ABCD"}"; line: 1, column: 50] (through reference chain: com.sipap.model.CanonicalTransfer["fechaTransaccion"])
	at org.apache.camel.RuntimeCamelException.wrapRuntimeCamelException(RuntimeCamelException.java:51) ~[camel-api-4.4.1.jar:4.4.1]
	at org.apache.camel.component.jms.EndpointMessageListener$EndpointMessageListenerAsyncCallback.done(EndpointMessageListener.java:217) ~[camel-jms-4.4.1.jar:4.4.1]
	at org.apache.camel.component.jms.EndpointMessageListener.onMessage(EndpointMessageListener.java:136) ~[camel-jms-4.4.1.jar:4.4.1]
	at org.springframework.jms.listener.AbstractMessageListenerContainer.doInvokeListener(AbstractMessageListenerContainer.java:783) ~[spring-jms-6.1.6.jar:6.1.6]
	at org.springframework.jms.listener.AbstractMessageListenerContainer.invokeListener(AbstractMessageListenerContainer.java:741) ~[spring-jms-6.1.6.jar:6.1.6]
	at org.springframework.jms.listener.AbstractMessageListenerContainer.doExecuteListener(AbstractMessageListenerContainer.java:719) ~[spring-jms-6.1.6.jar:6.1.6]
	at org.springframework.jms.listener.AbstractPollingMessageListenerContainer.doReceiveAndExecute(AbstractPollingMessageListenerContainer.java:333) ~[spring-jms-6.1.6.jar:6.1.6]
	at org.springframework.jms.listener.AbstractPollingMessageListenerContainer.receiveAndExecute(AbstractPollingMessageListenerContainer.java:270) ~[spring-jms-6.1.6.jar:6.1.6]
	at org.springframework.jms.listener.DefaultMessageListenerContainer$AsyncMessageListenerInvoker.invokeListener(DefaultMessageListenerContainer.java:1257) ~[spring-jms-6.1.6.jar:6.1.6]
	at org.springframework.jms.listener.DefaultMessageListenerContainer$AsyncMessageListenerInvoker.executeOngoingLoop(DefaultMessageListenerContainer.java:1247) ~[spring-jms-6.1.6.jar:6.1.6]
	at org.springframework.jms.listener.DefaultMessageListenerContainer$AsyncMessageListenerInvoker.run(DefaultMessageListenerContainer.java:1140) ~[spring-jms-6.1.6.jar:6.1.6]
	at java.base/java.util.concurrent.ThreadPoolExecutor.runWorker(ThreadPoolExecutor.java:1136) ~[na:na]
	at java.base/java.util.concurrent.ThreadPoolExecutor$Worker.run(ThreadPoolExecutor.java:635) ~[na:na]
	at java.base/java.lang.Thread.run(Thread.java:840) ~[na:na]
Caused by: com.fasterxml.jackson.databind.exc.InvalidDefinitionException: Java 8 date/time type `java.time.LocalDate` not supported by default: add Module "com.fasterxml.jackson.datatype:jackson-datatype-jsr310" to enable handling
 at [Source: (byte[])"{"idTransaccion":"TX-E2E-003","fechaTransaccion":[2026,8,24],"tipoQr":"ESTATICO","entidadFinancieraDestino":"0001","moneda":"600","monto":10,"referencia":"PAGO-SERVICIO-001","qrOriginal":"00020101021126080004000153036005802PY5913COMERCIO DEMO6008ASUNCION62210517PAGO-SERVICIO-0016304ABCD"}"; line: 1, column: 50] (through reference chain: com.sipap.model.CanonicalTransfer["fechaTransaccion"])
	at com.fasterxml.jackson.databind.exc.InvalidDefinitionException.from(InvalidDefinitionException.java:67) ~[jackson-databind-2.15.4.jar:2.15.4]
	at com.fasterxml.jackson.databind.DeserializationContext.reportBadDefinition(DeserializationContext.java:1915) ~[jackson-databind-2.15.4.jar:2.15.4]
	at com.fasterxml.jackson.databind.deser.impl.UnsupportedTypeDeserializer.deserialize(UnsupportedTypeDeserializer.java:48) ~[jackson-databind-2.15.4.jar:2.15.4]
	at com.fasterxml.jackson.databind.deser.impl.MethodProperty.deserializeAndSet(MethodProperty.java:129) ~[jackson-databind-2.15.4.jar:2.15.4]
	at com.fasterxml.jackson.databind.deser.BeanDeserializer.vanillaDeserialize(BeanDeserializer.java:314) ~[jackson-databind-2.15.4.jar:2.15.4]
	at com.fasterxml.jackson.databind.deser.BeanDeserializer.deserialize(BeanDeserializer.java:177) ~[jackson-databind-2.15.4.jar:2.15.4]
	at com.fasterxml.jackson.databind.deser.DefaultDeserializationContext.readRootValue(DefaultDeserializationContext.java:323) ~[jackson-databind-2.15.4.jar:2.15.4]
	at com.fasterxml.jackson.databind.ObjectReader._bindAndClose(ObjectReader.java:2105) ~[jackson-databind-2.15.4.jar:2.15.4]
	at com.fasterxml.jackson.databind.ObjectReader.readValue(ObjectReader.java:1583) ~[jackson-databind-2.15.4.jar:2.15.4]
	at org.apache.camel.component.jackson.AbstractJacksonDataFormat.unmarshal(AbstractJacksonDataFormat.java:207) ~[camel-jackson-4.4.1.jar:4.4.1]
	at org.apache.camel.support.processor.UnmarshalProcessor.process(UnmarshalProcessor.java:81) ~[camel-support-4.4.1.jar:4.4.1]
	at org.apache.camel.processor.errorhandler.RedeliveryErrorHandler$SimpleTask.handleFirst(RedeliveryErrorHandler.java:462) ~[camel-core-processor-4.4.1.jar:4.4.1]
	at org.apache.camel.processor.errorhandler.RedeliveryErrorHandler$SimpleTask.run(RedeliveryErrorHandler.java:438) ~[camel-core-processor-4.4.1.jar:4.4.1]
	at org.apache.camel.impl.engine.DefaultReactiveExecutor$Worker.doRun(DefaultReactiveExecutor.java:199) ~[camel-base-engine-4.4.1.jar:4.4.1]
	at org.apache.camel.impl.engine.DefaultReactiveExecutor$Worker.executeReactiveWork(DefaultReactiveExecutor.java:189) ~[camel-base-engine-4.4.1.jar:4.4.1]
	at org.apache.camel.impl.engine.DefaultReactiveExecutor$Worker.tryExecuteReactiveWork(DefaultReactiveExecutor.java:166) ~[camel-base-engine-4.4.1.jar:4.4.1]
	at org.apache.camel.impl.engine.DefaultReactiveExecutor$Worker.schedule(DefaultReactiveExecutor.java:148) ~[camel-base-engine-4.4.1.jar:4.4.1]
	at org.apache.camel.impl.engine.DefaultReactiveExecutor.scheduleMain(DefaultReactiveExecutor.java:59) ~[camel-base-engine-4.4.1.jar:4.4.1]
	at org.apache.camel.processor.Pipeline.process(Pipeline.java:163) ~[camel-core-processor-4.4.1.jar:4.4.1]
	at org.apache.camel.impl.engine.CamelInternalProcessor.processNonTransacted(CamelInternalProcessor.java:354) ~[camel-base-engine-4.4.1.jar:4.4.1]
	at org.apache.camel.impl.engine.CamelInternalProcessor.process(CamelInternalProcessor.java:330) ~[camel-base-engine-4.4.1.jar:4.4.1]
	at org.apache.camel.impl.engine.DefaultAsyncProcessorAwaitManager.process(DefaultAsyncProcessorAwaitManager.java:82) ~[camel-base-engine-4.4.1.jar:4.4.1]
	at org.apache.camel.support.AsyncProcessorSupport.process(AsyncProcessorSupport.java:32) ~[camel-support-4.4.1.jar:4.4.1]
	at org.apache.camel.component.jms.EndpointMessageListener.onMessage(EndpointMessageListener.java:132) ~[camel-jms-4.4.1.jar:4.4.1]
	... 11 common frames omitted

2026-08-24T17:16:07.346-03:00  INFO 14544 --- [mpl$6@58cd6088)] org.apache.activemq.audit.message        : AMQ601500: User anonymous@127.0.0.1:59891 sent a message CoreMessage[messageID=126, durable=true, userID=a3c41b6f-9ff8-11f1-9bab-0a002700000d, priority=4, timestamp=Mon Aug 24 17:16:07 PYT 2026, expiration=0, durable=true, address=sipap.auditoria, size=1816, properties=TypedProperties[CamelHttpCharacterEncoding=UTF-8, _AMQ_ROUTING_TYPE=1, connection=keep-alive, accept=text/plain, application/json, application/*+json, */*, JMSCorrelationID=TX-E2E-003, CamelJmsDeliveryMode=2, idTransaccion=TX-E2E-003, CamelHttpUri=/api/transferencias, __AMQ_CID=a3c2bbdb-9ff8-11f1-9bab-0a002700000d, CamelHttpMethod=POST, CamelMessageTimestamp=1787602565339, entidadFinancieraDestino=0001, CamelHttpUrl=http://localhost:59861/api/transferencias, user_HYPHEN_agent=Apache-HttpClient/5.2.3 (Java/17.0.16), Content_HYPHEN_Type=application/json, host=localhost:59861, accept_HYPHEN_encoding=gzip, x-gzip, deflate, content_HYPHEN_length=184, CamelHttpPath=, CamelPlatformHttpContextPath=/api/transferencias]]@346934078, context: RoutingContextImpl(Address=sipap.auditoria, routingType=ANYCAST, PreviousAddress=sipap.auditoria previousRoute:ANYCAST, reusable=true, version=-2147483643)
..................................................
***** durable queues sipap.auditoria:
- queueID=83 address:sipap.auditoria name:sipap.auditoria filter:null
***** non durable for sipap.auditoria:
..................................................
, transaction: null
2026-08-24T17:16:07.346-03:00  INFO 14544 --- [lhost-49820775)] org.apache.activemq.audit.resource       : AMQ601768: CORE connection 17a955ec for user anonymous@127.0.0.1:59891 destroyed
2026-08-24T17:16:07.351-03:00  INFO 14544 --- [lhost-49820775)] org.apache.activemq.audit.resource       : AMQ601768: CORE connection 0fac1bd8 for user anonymous@127.0.0.1:59888 destroyed
]]></system-out>
  </testcase>
  <testcase name="montoSuperiorAlMaximoSeRechazaAntesDePublicar" classname="com.sipap.routes.EndToEndFlowTest" time="0.043">
    <system-out><![CDATA[2026-08-24T17:16:07.389-03:00  INFO 14544 --- [o-auto-1-exec-3] api-recibir-transferencia                : Nueva petición recibida: {"id_transaccion":"TX-E2E-002","fecha_transaccion":"2026-08-24","qr":"00020101021126080004000153036005802PY5913COMERCIO DEMO6008ASUNCION62210517PAGO-SERVICIO-0016304ABCD","monto":"10000001"}
2026-08-24T17:16:07.393-03:00  INFO 14544 --- [o-auto-1-exec-3] api-recibir-transferencia                : Transferencia RECHAZADA antes de publicar. id=TX-E2E-002
]]></system-out>
  </testcase>
  <testcase name="transferenciaValidaEsAceptadaYEnviadaAArtemis" classname="com.sipap.routes.EndToEndFlowTest" time="0.152">
    <system-out><![CDATA[2026-08-24T17:16:07.418-03:00  INFO 14544 --- [o-auto-1-exec-4] api-recibir-transferencia                : Nueva petición recibida: {"id_transaccion":"TX-E2E-001","fecha_transaccion":"2026-08-24","qr":"00020101021126080004000153036005802PY5913COMERCIO DEMO6008ASUNCION62210517PAGO-SERVICIO-0016304ABCD","monto":"10"}
2026-08-24T17:16:07.420-03:00  INFO 14544 --- [o-auto-1-exec-4] api-recibir-transferencia                : Transferencia válida. Publicando en Artemis. id=TX-E2E-001
2026-08-24T17:16:07.424-03:00  INFO 14544 --- [-netty-threads)] org.apache.activemq.audit.resource       : AMQ601767: CORE connection f347a86d for user unknown@127.0.0.1:59894 created
2026-08-24T17:16:07.427-03:00  INFO 14544 --- [mpl$6@58cd6088)] org.apache.activemq.audit.base           : AMQ601267: User anonymous@127.0.0.1:59894 is creating a core session on target resource ActiveMQServerImpl::name=localhost with parameters: [a3d09e92-9ff8-11f1-9bab-0a002700000d, artemis, ****, 102400, RemotingConnectionImpl [ID=f347a86d, clientID=null, nodeID=a0bc0b46-9ff8-11f1-9bab-0a002700000d, transportConnection=org.apache.activemq.artemis.core.remoting.impl.netty.NettyServerConnection@2469c61e[ID=f347a86d, local= /127.0.0.1:61616, remote=/127.0.0.1:59894]], false, false, false, false, null, org.apache.activemq.artemis.core.protocol.core.impl.CoreSessionCallback@28c58228, true, {}]
2026-08-24T17:16:07.506-03:00  INFO 14544 --- [mpl$6@58cd6088)] org.apache.activemq.audit.base           : AMQ601267: User anonymous@127.0.0.1:59894 is creating a core session on target resource ActiveMQServerImpl::name=localhost with parameters: [a3dc8573-9ff8-11f1-9bab-0a002700000d, artemis, ****, 102400, RemotingConnectionImpl [ID=f347a86d, clientID=null, nodeID=a0bc0b46-9ff8-11f1-9bab-0a002700000d, transportConnection=org.apache.activemq.artemis.core.remoting.impl.netty.NettyServerConnection@2469c61e[ID=f347a86d, local= /127.0.0.1:61616, remote=/127.0.0.1:59894]], true, true, false, false, null, org.apache.activemq.artemis.core.protocol.core.impl.CoreSessionCallback@1272a770, true, {}]
2026-08-24T17:16:07.525-03:00  INFO 14544 --- [mpl$6@58cd6088)] org.apache.activemq.audit.message        : AMQ601501: User anonymous@127.0.0.1:59880 is consuming a message from sipap.transferencias.entrada: Reference[139]:RELIABLE:CoreMessage[messageID=139, durable=true, userID=a3decf64-9ff8-11f1-9bab-0a002700000d, priority=4, timestamp=Mon Aug 24 17:16:07 PYT 2026, expiration=0, durable=true, address=sipap.transferencias.entrada, size=1738, properties=TypedProperties[CamelHttpCharacterEncoding=UTF-8, _AMQ_ROUTING_TYPE=1, connection=keep-alive, accept=text/plain, application/json, application/*+json, */*, JMSCorrelationID=TX-E2E-001, idTransaccion=TX-E2E-001, CamelHttpUri=/api/transferencias, __AMQ_CID=a3d09e91-9ff8-11f1-9bab-0a002700000d, CamelHttpMethod=POST, entidadFinancieraDestino=0001, CamelHttpUrl=http://localhost:59861/api/transferencias, user_HYPHEN_agent=Apache-HttpClient/5.2.3 (Java/17.0.16), Content_HYPHEN_Type=application/json, host=localhost:59861, accept_HYPHEN_encoding=gzip, x-gzip, deflate, content_HYPHEN_length=184, CamelHttpPath=, CamelPlatformHttpContextPath=/api/transferencias]]@2050632832
2026-08-24T17:16:07.528-03:00  INFO 14544 --- [mpl$6@58cd6088)] org.apache.activemq.audit.message        : AMQ601500: User anonymous@127.0.0.1:59894 sent a message CoreMessage[messageID=139, durable=true, userID=a3decf64-9ff8-11f1-9bab-0a002700000d, priority=4, timestamp=Mon Aug 24 17:16:07 PYT 2026, expiration=0, durable=true, address=sipap.transferencias.entrada, size=1738, properties=TypedProperties[CamelHttpCharacterEncoding=UTF-8, _AMQ_ROUTING_TYPE=1, connection=keep-alive, accept=text/plain, application/json, application/*+json, */*, JMSCorrelationID=TX-E2E-001, idTransaccion=TX-E2E-001, CamelHttpUri=/api/transferencias, __AMQ_CID=a3d09e91-9ff8-11f1-9bab-0a002700000d, CamelHttpMethod=POST, entidadFinancieraDestino=0001, CamelHttpUrl=http://localhost:59861/api/transferencias, user_HYPHEN_agent=Apache-HttpClient/5.2.3 (Java/17.0.16), Content_HYPHEN_Type=application/json, host=localhost:59861, accept_HYPHEN_encoding=gzip, x-gzip, deflate, content_HYPHEN_length=184, CamelHttpPath=, CamelPlatformHttpContextPath=/api/transferencias]]@2050632832, context: RoutingContextImpl(Address=sipap.transferencias.entrada, routingType=ANYCAST, PreviousAddress=sipap.transferencias.entrada previousRoute:ANYCAST, reusable=true, version=-2147483647)
..................................................
***** durable queues sipap.transferencias.entrada:
- queueID=6 address:sipap.transferencias.entrada name:sipap.transferencias.entrada filter:null
***** non durable for sipap.transferencias.entrada:
..................................................
, transaction: null
2026-08-24T17:16:07.535-03:00  INFO 14544 --- [mpl$6@58cd6088)] org.apache.activemq.audit.message        : AMQ601759: User anonymous@127.0.0.1:59880 added acknowledgement of a message from sipap.transferencias.entrada: CoreMessage[messageID=139, durable=true, userID=a3decf64-9ff8-11f1-9bab-0a002700000d, priority=4, timestamp=Mon Aug 24 17:16:07 PYT 2026, expiration=0, durable=true, address=sipap.transferencias.entrada, size=1738, properties=TypedProperties[CamelHttpCharacterEncoding=UTF-8, _AMQ_ROUTING_TYPE=1, connection=keep-alive, accept=text/plain, application/json, application/*+json, */*, JMSCorrelationID=TX-E2E-001, idTransaccion=TX-E2E-001, CamelHttpUri=/api/transferencias, __AMQ_CID=a3d09e91-9ff8-11f1-9bab-0a002700000d, CamelHttpMethod=POST, entidadFinancieraDestino=0001, CamelHttpUrl=http://localhost:59861/api/transferencias, user_HYPHEN_agent=Apache-HttpClient/5.2.3 (Java/17.0.16), Content_HYPHEN_Type=application/json, host=localhost:59861, accept_HYPHEN_encoding=gzip, x-gzip, deflate, content_HYPHEN_length=184, CamelHttpPath=, CamelPlatformHttpContextPath=/api/transferencias]]@2050632832 to transaction: TransactionImpl [xid=null, txID=140, xid=null, state=ACTIVE, createTime=1787602567535(Mon Aug 24 17:16:07 PYT 2026), timeoutSeconds=-1, nr operations = 1]@56a881a8
2026-08-24T17:16:07.537-03:00  INFO 14544 --- [-netty-threads)] org.apache.activemq.audit.resource       : AMQ601767: CORE connection 4ac05978 for user unknown@127.0.0.1:59895 created
2026-08-24T17:16:07.539-03:00  INFO 14544 --- [mpl$6@58cd6088)] org.apache.activemq.audit.message        : AMQ601502: User anonymous@127.0.0.1:59880 acknowledged message from sipap.transferencias.entrada: CoreMessage[messageID=139, durable=true, userID=a3decf64-9ff8-11f1-9bab-0a002700000d, priority=4, timestamp=Mon Aug 24 17:16:07 PYT 2026, expiration=0, durable=true, address=sipap.transferencias.entrada, size=1738, properties=TypedProperties[CamelHttpCharacterEncoding=UTF-8, _AMQ_ROUTING_TYPE=1, connection=keep-alive, accept=text/plain, application/json, application/*+json, */*, JMSCorrelationID=TX-E2E-001, idTransaccion=TX-E2E-001, CamelHttpUri=/api/transferencias, __AMQ_CID=a3d09e91-9ff8-11f1-9bab-0a002700000d, CamelHttpMethod=POST, entidadFinancieraDestino=0001, CamelHttpUrl=http://localhost:59861/api/transferencias, user_HYPHEN_agent=Apache-HttpClient/5.2.3 (Java/17.0.16), Content_HYPHEN_Type=application/json, host=localhost:59861, accept_HYPHEN_encoding=gzip, x-gzip, deflate, content_HYPHEN_length=184, CamelHttpPath=, CamelPlatformHttpContextPath=/api/transferencias]]@2050632832, transaction: TransactionImpl [xid=null, txID=140, xid=null, state=COMMITTED, createTime=1787602567535(Mon Aug 24 17:16:07 PYT 2026), timeoutSeconds=-1, nr operations = 0]@56a881a8
2026-08-24T17:16:07.546-03:00  INFO 14544 --- [mpl$6@58cd6088)] org.apache.activemq.audit.base           : AMQ601267: User anonymous@127.0.0.1:59895 is creating a core session on target resource ActiveMQServerImpl::name=localhost with parameters: [a3e29ff8-9ff8-11f1-9bab-0a002700000d, artemis, ****, 102400, RemotingConnectionImpl [ID=4ac05978, clientID=null, nodeID=a0bc0b46-9ff8-11f1-9bab-0a002700000d, transportConnection=org.apache.activemq.artemis.core.remoting.impl.netty.NettyServerConnection@3cb65154[ID=4ac05978, local= /127.0.0.1:61616, remote=/127.0.0.1:59895]], false, false, false, false, null, org.apache.activemq.artemis.core.protocol.core.impl.CoreSessionCallback@b3cb3a0, true, {}]
2026-08-24T17:16:07.550-03:00  INFO 14544 --- [lhost-49820775)] org.apache.activemq.audit.resource       : AMQ601768: CORE connection f347a86d for user anonymous@127.0.0.1:59894 destroyed
]]></system-out>
  </testcase>
</testsuite>